New log file opened at Thu Jun 04 00:13:37 GMT-03:00 2015 by 9532@AlyssonRibeiro
Sending msg to client activator-b3ffa7e0-d54c-4772-a0ed-4a37c72c02f2: DetachedLogEvent(LogMessage(debug,sbt server socket logs are in: C:\Users\Alysson\workspace\play2-crud-activator\.sbtserver\connections\master.log))
Sending msg to client activator-b3ffa7e0-d54c-4772-a0ed-4a37c72c02f2: DetachedLogEvent(LogMessage(debug,sbt client logs are in: C:\Users\Alysson\workspace\play2-crud-activator\.sbtserver\connections\activator-b3ffa7e0-d54c-4772-a0ed-4a37c72c02f2.log))
Reading next message from client.
Sending msg to client activator-b3ffa7e0-d54c-4772-a0ed-4a37c72c02f2: DetachedLogEvent(LogMessage(debug,sbt general server logs are in: C:\Users\Alysson\workspace\play2-crud-activator\.sbtserver\master.log))
Got request: ListenToEvents()
Reading next message from client.
Sending msg to client activator-b3ffa7e0-d54c-4772-a0ed-4a37c72c02f2: DetachedLogEvent(LogMessage(debug,> --initialize))
Got request: ExecutionRequest(compile)
Reading next message from client.
Got request: ListenToBuildChange()
Reading next message from client.
Got request: SendSyntheticBuildChanged()
Reading next message from client.
Got request: KeyLookupRequest(discoveredMainClasses)
Reading next message from client.
Got request: KeyLookupRequest(mainClass)
Reading next message from client.
Got request: KeyLookupRequest(echo:echoTraceSupported)
Reading next message from client.
Got request: KeyLookupRequest(echo:echoPlayVersionReport)
Reading next message from client.
Got request: KeyLookupRequest(echo:echoAkkaVersionReport)
Reading next message from client.
Got request: KeyLookupRequest(echo:echoTracePlayVersion)
Reading next message from client.
Sending msg to client activator-b3ffa7e0-d54c-4772-a0ed-4a37c72c02f2: (4,ReceivedResponse())
Sending msg to client activator-b3ffa7e0-d54c-4772-a0ed-4a37c72c02f2: DetachedLogEvent(LogMessage(debug,> initialize))
Sending msg to client activator-b3ffa7e0-d54c-4772-a0ed-4a37c72c02f2: DetachedLogEvent(LogMessage(debug,> onFailure load-failed))
Sending msg to client activator-b3ffa7e0-d54c-4772-a0ed-4a37c72c02f2: DetachedLogEvent(LogMessage(debug,> boot))
Sending msg to client activator-b3ffa7e0-d54c-4772-a0ed-4a37c72c02f2: DetachedLogEvent(LogMessage(debug,> reload))
Sending msg to client activator-b3ffa7e0-d54c-4772-a0ed-4a37c72c02f2: DetachedLogEvent(LogMessage(debug,[Loading] Scanning directory C:\Users\Alysson\workspace\play2-crud-activator\project))
Sending msg to client activator-b3ffa7e0-d54c-4772-a0ed-4a37c72c02f2: DetachedLogEvent(LogMessage(debug,[Loading] Found non-root projects ))
Sending msg to client activator-b3ffa7e0-d54c-4772-a0ed-4a37c72c02f2: DetachedLogEvent(LogMessage(debug,[Loading] Done in C:\Users\Alysson\workspace\play2-crud-activator\project, returning: ()))
Sending msg to client activator-b3ffa7e0-d54c-4772-a0ed-4a37c72c02f2: DetachedLogEvent(LogMessage(debug,deducing auto plugins based on known facts Set(Atom(sbt.plugins.CorePlugin)) and clauses Clauses(List(Clause(Atom(sbt.plugins.JvmPlugin),Set(Atom(sbt.plugins.IvyPlugin))), Clause(Atom(sbt.plugins.JUnitXmlReportPlugin),Set(Atom(sbt.plugins.JvmPlugin))), Clause(Atom(sbt.plugins.CorePlugin),Set(Atom(sbt.plugins.IvyPlugin))), Clause(Atom(sbt.plugins.IvyPlugin),Set(Atom(sbt.plugins.JvmPlugin))), Clause(Atom(sbt.plugins.JvmPlugin),Set(Atom(sbt.plugins.JUnitXmlReportPlugin)))))))
Sending msg to client activator-b3ffa7e0-d54c-4772-a0ed-4a37c72c02f2: DetachedLogEvent(LogMessage(debug,  :: deduced result: Matched(sbt.plugins.CorePlugin,sbt.plugins.IvyPlugin,sbt.plugins.JvmPlugin,sbt.plugins.JUnitXmlReportPlugin)))
Sending msg to client activator-b3ffa7e0-d54c-4772-a0ed-4a37c72c02f2: DetachedLogEvent(LogMessage(debug,sorting: ns: List(sbt.plugins.CorePlugin, sbt.plugins.IvyPlugin, sbt.plugins.JvmPlugin, sbt.plugins.JUnitXmlReportPlugin)))
Sending msg to client activator-b3ffa7e0-d54c-4772-a0ed-4a37c72c02f2: DetachedLogEvent(LogMessage(debug,  :: sorting:: found: List(sbt.plugins.CorePlugin) not found List(sbt.plugins.IvyPlugin, sbt.plugins.JvmPlugin, sbt.plugins.JUnitXmlReportPlugin)))
Sending msg to client activator-b3ffa7e0-d54c-4772-a0ed-4a37c72c02f2: DetachedLogEvent(LogMessage(debug,  :: sorting:: found: List(sbt.plugins.CorePlugin, sbt.plugins.IvyPlugin) not found List(sbt.plugins.JvmPlugin, sbt.plugins.JUnitXmlReportPlugin)))
Sending msg to client activator-b3ffa7e0-d54c-4772-a0ed-4a37c72c02f2: DetachedLogEvent(LogMessage(debug,  :: sorting:: found: List(sbt.plugins.CorePlugin, sbt.plugins.IvyPlugin, sbt.plugins.JvmPlugin) not found List(sbt.plugins.JUnitXmlReportPlugin)))
Sending msg to client activator-b3ffa7e0-d54c-4772-a0ed-4a37c72c02f2: DetachedLogEvent(LogMessage(debug,  :: sorting:: found: List(sbt.plugins.CorePlugin, sbt.plugins.IvyPlugin, sbt.plugins.JvmPlugin, sbt.plugins.JUnitXmlReportPlugin) not found List()))
Sending msg to client activator-b3ffa7e0-d54c-4772-a0ed-4a37c72c02f2: DetachedLogEvent(LogMessage(debug,  :: sorted deduced result: List(sbt.plugins.CorePlugin, sbt.plugins.IvyPlugin, sbt.plugins.JvmPlugin, sbt.plugins.JUnitXmlReportPlugin)))
Sending msg to client activator-b3ffa7e0-d54c-4772-a0ed-4a37c72c02f2: DetachedLogEvent(LogMessage(debug,[Loading] Done in C:\Users\Alysson\workspace\play2-crud-activator\project, returning: (play2-crud-activator-build)))
Sending msg to client activator-b3ffa7e0-d54c-4772-a0ed-4a37c72c02f2: DetachedLogEvent(LogMessage(info,Loading project definition from C:\Users\Alysson\workspace\play2-crud-activator\project))
Sending msg to client activator-b3ffa7e0-d54c-4772-a0ed-4a37c72c02f2: DetachedLogEvent(LogMessage(debug,Running task... Cancel: sbt.TaskCancellationStrategy$Null$@48d25110, check cycles: false))
Sending msg to client activator-b3ffa7e0-d54c-4772-a0ed-4a37c72c02f2: DetachedLogEvent(LogMessage(info,Updating {file:/C:/Users/Alysson/workspace/play2-crud-activator/project/}play2-crud-activator-build...))
Sending msg to client activator-b3ffa7e0-d54c-4772-a0ed-4a37c72c02f2: DetachedLogEvent(LogMessage(debug,Other repositories:))
Sending msg to client activator-b3ffa7e0-d54c-4772-a0ed-4a37c72c02f2: DetachedLogEvent(LogMessage(debug,Default repositories:))
Sending msg to client activator-b3ffa7e0-d54c-4772-a0ed-4a37c72c02f2: DetachedLogEvent(LogMessage(debug,Using inline dependencies specified in Scala.))
Sending msg to client activator-b3ffa7e0-d54c-4772-a0ed-4a37c72c02f2: DetachedLogEvent(LogMessage(debug,:: resolving dependencies :: default#play2-crud-activator-build;0.1-SNAPSHOT))
Sending msg to client activator-b3ffa7e0-d54c-4772-a0ed-4a37c72c02f2: DetachedLogEvent(LogMessage(debug,	confs: [compile, runtime, test, provided, optional, compile-internal, runtime-internal, test-internal, plugin, sources, docs, pom, scala-tool]))
Sending msg to client activator-b3ffa7e0-d54c-4772-a0ed-4a37c72c02f2: DetachedLogEvent(LogMessage(debug,	validate = true))
Sending msg to client activator-b3ffa7e0-d54c-4772-a0ed-4a37c72c02f2: DetachedLogEvent(LogMessage(debug,	refresh = false))
Sending msg to client activator-b3ffa7e0-d54c-4772-a0ed-4a37c72c02f2: DetachedLogEvent(LogMessage(debug,resolving dependencies for configuration 'compile'))
Sending msg to client activator-b3ffa7e0-d54c-4772-a0ed-4a37c72c02f2: DetachedLogEvent(LogMessage(debug,== resolving dependencies for default#play2-crud-activator-build;0.1-SNAPSHOT [compile]))
Sending msg to client activator-b3ffa7e0-d54c-4772-a0ed-4a37c72c02f2: DetachedLogEvent(LogMessage(debug,== resolving dependencies default#play2-crud-activator-build;0.1-SNAPSHOT->com.typesafe.play#sbt-fork-run-plugin;2.3.9 [compile->default(compile)]))
Sending msg to client activator-b3ffa7e0-d54c-4772-a0ed-4a37c72c02f2: DetachedLogEvent(LogMessage(info,Resolving com.typesafe.play#sbt-fork-run-plugin;2.3.9 ...))
Sending msg to client activator-b3ffa7e0-d54c-4772-a0ed-4a37c72c02f2: DetachedLogEvent(LogMessage(debug,sbt-chain: Checking cache for: dependency: com.typesafe.play#sbt-fork-run-plugin;2.3.9 {compile=[default(compile)]}))
Sending msg to client activator-b3ffa7e0-d54c-4772-a0ed-4a37c72c02f2: DetachedLogEvent(LogMessage(info,Resolving com.typesafe.play#sbt-fork-run-plugin;2.3.9 ...))
Sending msg to client activator-b3ffa7e0-d54c-4772-a0ed-4a37c72c02f2: DetachedLogEvent(LogMessage(debug,sbt-chain-delegate: Checking cache for: dependency: com.typesafe.play#sbt-fork-run-plugin;2.3.9 {compile=[default(compile)]}))
Sending msg to client activator-b3ffa7e0-d54c-4772-a0ed-4a37c72c02f2: DetachedLogEvent(LogMessage(debug,		tried https://repo.typesafe.com/typesafe/ivy-releases/com.typesafe.play/sbt-fork-run-plugin/scala_2.10/sbt_0.13/2.3.9/ivys/ivy.xml))
Sending msg to client activator-b3ffa7e0-d54c-4772-a0ed-4a37c72c02f2: DetachedLogEvent(LogMessage(debug,CLIENT ERROR: Not Found url=https://repo.typesafe.com/typesafe/ivy-releases/com.typesafe.play/sbt-fork-run-plugin/scala_2.10/sbt_0.13/2.3.9/ivys/ivy.xml))
Sending msg to client activator-b3ffa7e0-d54c-4772-a0ed-4a37c72c02f2: DetachedLogEvent(LogMessage(debug,	typesafe-ivy-releases: no ivy file found for com.typesafe.play#sbt-fork-run-plugin;2.3.9))
Sending msg to client activator-b3ffa7e0-d54c-4772-a0ed-4a37c72c02f2: DetachedLogEvent(LogMessage(debug,		tried https://repo.scala-sbt.org/scalasbt/sbt-plugin-releases/com.typesafe.play/sbt-fork-run-plugin/scala_2.10/sbt_0.13/2.3.9/ivys/ivy.xml))
Sending msg to client activator-b3ffa7e0-d54c-4772-a0ed-4a37c72c02f2: DetachedLogEvent(LogMessage(debug,	sbt-plugin-releases: found md file for com.typesafe.play#sbt-fork-run-plugin;2.3.9))
Sending msg to client activator-b3ffa7e0-d54c-4772-a0ed-4a37c72c02f2: DetachedLogEvent(LogMessage(debug,		=> https://repo.scala-sbt.org/scalasbt/sbt-plugin-releases/com.typesafe.play/sbt-fork-run-plugin/scala_2.10/sbt_0.13/2.3.9/ivys/ivy.xml (2.3.9)))
Sending msg to client activator-b3ffa7e0-d54c-4772-a0ed-4a37c72c02f2: DetachedLogEvent(LogMessage(debug,downloading https://repo.scala-sbt.org/scalasbt/sbt-plugin-releases/com.typesafe.play/sbt-fork-run-plugin/scala_2.10/sbt_0.13/2.3.9/ivys/ivy.xml ...))
Sending msg to client activator-b3ffa7e0-d54c-4772-a0ed-4a37c72c02f2: DetachedLogEvent(LogMessage(debug,	sbt-plugin-releases: downloading https://repo.scala-sbt.org/scalasbt/sbt-plugin-releases/com.typesafe.play/sbt-fork-run-plugin/scala_2.10/sbt_0.13/2.3.9/ivys/ivy.xml))
Sending msg to client activator-b3ffa7e0-d54c-4772-a0ed-4a37c72c02f2: DetachedLogEvent(LogMessage(debug,	sbt-plugin-releases: downloading https://repo.scala-sbt.org/scalasbt/sbt-plugin-releases/com.typesafe.play/sbt-fork-run-plugin/scala_2.10/sbt_0.13/2.3.9/ivys/ivy.xml.sha1))
Sending msg to client activator-b3ffa7e0-d54c-4772-a0ed-4a37c72c02f2: DetachedLogEvent(LogMessage(debug,sha1 OK for https://repo.scala-sbt.org/scalasbt/sbt-plugin-releases/com.typesafe.play/sbt-fork-run-plugin/scala_2.10/sbt_0.13/2.3.9/ivys/ivy.xml))
Sending msg to client activator-b3ffa7e0-d54c-4772-a0ed-4a37c72c02f2: DetachedLogEvent(LogMessage(debug,	[SUCCESSFUL ] com.typesafe.play#sbt-fork-run-plugin;2.3.9!ivy.xml(ivy.original) (3372ms)))
Sending msg to client activator-b3ffa7e0-d54c-4772-a0ed-4a37c72c02f2: DetachedLogEvent(LogMessage(debug,	found com.typesafe.play#sbt-fork-run-plugin;2.3.9 in sbt-plugin-releases))
Sending msg to client activator-b3ffa7e0-d54c-4772-a0ed-4a37c72c02f2: DetachedLogEvent(LogMessage(debug,== resolving dependencies com.typesafe.play#sbt-fork-run-plugin;2.3.9->com.typesafe.play#sbt-fork-run-protocol_2.10;2.3.9 [compile->default(compile)]))
Sending msg to client activator-b3ffa7e0-d54c-4772-a0ed-4a37c72c02f2: DetachedLogEvent(LogMessage(info,Resolving com.typesafe.play#sbt-fork-run-protocol_2.10;2.3.9 ...))
Sending msg to client activator-b3ffa7e0-d54c-4772-a0ed-4a37c72c02f2: DetachedLogEvent(LogMessage(debug,sbt-chain: Checking cache for: dependency: com.typesafe.play#sbt-fork-run-protocol_2.10;2.3.9 {compile=[default(compile)]}))
Sending msg to client activator-b3ffa7e0-d54c-4772-a0ed-4a37c72c02f2: DetachedLogEvent(LogMessage(info,Resolving com.typesafe.play#sbt-fork-run-protocol_2.10;2.3.9 ...))
Sending msg to client activator-b3ffa7e0-d54c-4772-a0ed-4a37c72c02f2: DetachedLogEvent(LogMessage(debug,sbt-chain-delegate: Checking cache for: dependency: com.typesafe.play#sbt-fork-run-protocol_2.10;2.3.9 {compile=[default(compile)]}))
Sending msg to client activator-b3ffa7e0-d54c-4772-a0ed-4a37c72c02f2: DetachedLogEvent(LogMessage(debug,		tried https://repo.typesafe.com/typesafe/ivy-releases/com.typesafe.play/sbt-fork-run-protocol_2.10/2.3.9/ivys/ivy.xml))
Sending msg to client activator-b3ffa7e0-d54c-4772-a0ed-4a37c72c02f2: DetachedLogEvent(LogMessage(debug,CLIENT ERROR: Not Found url=https://repo.typesafe.com/typesafe/ivy-releases/com.typesafe.play/sbt-fork-run-protocol_2.10/2.3.9/ivys/ivy.xml))
Sending msg to client activator-b3ffa7e0-d54c-4772-a0ed-4a37c72c02f2: DetachedLogEvent(LogMessage(debug,	typesafe-ivy-releases: no ivy file found for com.typesafe.play#sbt-fork-run-protocol_2.10;2.3.9))
Sending msg to client activator-b3ffa7e0-d54c-4772-a0ed-4a37c72c02f2: DetachedLogEvent(LogMessage(debug,		tried https://repo.scala-sbt.org/scalasbt/sbt-plugin-releases/com.typesafe.play/sbt-fork-run-protocol_2.10/2.3.9/ivys/ivy.xml))
Sending msg to client activator-b3ffa7e0-d54c-4772-a0ed-4a37c72c02f2: DetachedLogEvent(LogMessage(debug,CLIENT ERROR: Not Found url=https://repo.scala-sbt.org/scalasbt/sbt-plugin-releases/com.typesafe.play/sbt-fork-run-protocol_2.10/2.3.9/ivys/ivy.xml))
Sending msg to client activator-b3ffa7e0-d54c-4772-a0ed-4a37c72c02f2: DetachedLogEvent(LogMessage(debug,	sbt-plugin-releases: no ivy file found for com.typesafe.play#sbt-fork-run-protocol_2.10;2.3.9))
Sending msg to client activator-b3ffa7e0-d54c-4772-a0ed-4a37c72c02f2: DetachedLogEvent(LogMessage(debug,		tried C:\Users\Alysson\.ivy2\local\com.typesafe.play\sbt-fork-run-protocol_2.10\2.3.9\ivys\ivy.xml))
Sending msg to client activator-b3ffa7e0-d54c-4772-a0ed-4a37c72c02f2: DetachedLogEvent(LogMessage(debug,	local: no ivy file found for com.typesafe.play#sbt-fork-run-protocol_2.10;2.3.9))
Sending msg to client activator-b3ffa7e0-d54c-4772-a0ed-4a37c72c02f2: DetachedLogEvent(LogMessage(debug,		tried C:\doesnotexist\repository\com.typesafe.play\sbt-fork-run-protocol_2.10\2.3.9\ivys\ivy.xml))
Sending msg to client activator-b3ffa7e0-d54c-4772-a0ed-4a37c72c02f2: DetachedLogEvent(LogMessage(debug,	activator-launcher-local: no ivy file found for com.typesafe.play#sbt-fork-run-protocol_2.10;2.3.9))
Sending msg to client activator-b3ffa7e0-d54c-4772-a0ed-4a37c72c02f2: DetachedLogEvent(LogMessage(debug,		tried C:\Users\Alysson\activator-1.3.2\repository\com.typesafe.play\sbt-fork-run-protocol_2.10\2.3.9\ivys\ivy.xml))
Sending msg to client activator-b3ffa7e0-d54c-4772-a0ed-4a37c72c02f2: DetachedLogEvent(LogMessage(debug,	activator-local: no ivy file found for com.typesafe.play#sbt-fork-run-protocol_2.10;2.3.9))
Sending msg to client activator-b3ffa7e0-d54c-4772-a0ed-4a37c72c02f2: DetachedLogEvent(LogMessage(debug,		tried https://repo1.maven.org/maven2/com/typesafe/play/sbt-fork-run-protocol_2.10/2.3.9/sbt-fork-run-protocol_2.10-2.3.9.pom))
Sending msg to client activator-b3ffa7e0-d54c-4772-a0ed-4a37c72c02f2: DetachedLogEvent(LogMessage(debug,	public: found md file for com.typesafe.play#sbt-fork-run-protocol_2.10;2.3.9))
Sending msg to client activator-b3ffa7e0-d54c-4772-a0ed-4a37c72c02f2: DetachedLogEvent(LogMessage(debug,		=> https://repo1.maven.org/maven2/com/typesafe/play/sbt-fork-run-protocol_2.10/2.3.9/sbt-fork-run-protocol_2.10-2.3.9.pom (2.3.9)))
Sending msg to client activator-b3ffa7e0-d54c-4772-a0ed-4a37c72c02f2: DetachedLogEvent(LogMessage(debug,downloading https://repo1.maven.org/maven2/com/typesafe/play/sbt-fork-run-protocol_2.10/2.3.9/sbt-fork-run-protocol_2.10-2.3.9.pom ...))
Sending msg to client activator-b3ffa7e0-d54c-4772-a0ed-4a37c72c02f2: DetachedLogEvent(LogMessage(debug,	public: downloading https://repo1.maven.org/maven2/com/typesafe/play/sbt-fork-run-protocol_2.10/2.3.9/sbt-fork-run-protocol_2.10-2.3.9.pom))
Sending msg to client activator-b3ffa7e0-d54c-4772-a0ed-4a37c72c02f2: DetachedLogEvent(LogMessage(debug,	public: downloading https://repo1.maven.org/maven2/com/typesafe/play/sbt-fork-run-protocol_2.10/2.3.9/sbt-fork-run-protocol_2.10-2.3.9.pom.sha1))
Sending msg to client activator-b3ffa7e0-d54c-4772-a0ed-4a37c72c02f2: DetachedLogEvent(LogMessage(debug,sha1 OK for https://repo1.maven.org/maven2/com/typesafe/play/sbt-fork-run-protocol_2.10/2.3.9/sbt-fork-run-protocol_2.10-2.3.9.pom))
Sending msg to client activator-b3ffa7e0-d54c-4772-a0ed-4a37c72c02f2: DetachedLogEvent(LogMessage(debug,	[SUCCESSFUL ] com.typesafe.play#sbt-fork-run-protocol_2.10;2.3.9!sbt-fork-run-protocol_2.10.pom(pom.original) (732ms)))
Sending msg to client activator-b3ffa7e0-d54c-4772-a0ed-4a37c72c02f2: DetachedLogEvent(LogMessage(debug,		tried https://repo.typesafe.com/typesafe/ivy-releases/com.typesafe.play/sbt-fork-run-protocol_2.10/2.3.9/jars/sbt-fork-run-protocol_2.10.jar))
Sending msg to client activator-b3ffa7e0-d54c-4772-a0ed-4a37c72c02f2: DetachedLogEvent(LogMessage(debug,CLIENT ERROR: Not Found url=https://repo.typesafe.com/typesafe/ivy-releases/com.typesafe.play/sbt-fork-run-protocol_2.10/2.3.9/jars/sbt-fork-run-protocol_2.10.jar))
Sending msg to client activator-b3ffa7e0-d54c-4772-a0ed-4a37c72c02f2: DetachedLogEvent(LogMessage(debug,		tried https://repo.scala-sbt.org/scalasbt/sbt-plugin-releases/com.typesafe.play/sbt-fork-run-protocol_2.10/2.3.9/jars/sbt-fork-run-protocol_2.10.jar))
Sending msg to client activator-b3ffa7e0-d54c-4772-a0ed-4a37c72c02f2: DetachedLogEvent(LogMessage(debug,CLIENT ERROR: Not Found url=https://repo.scala-sbt.org/scalasbt/sbt-plugin-releases/com.typesafe.play/sbt-fork-run-protocol_2.10/2.3.9/jars/sbt-fork-run-protocol_2.10.jar))
Sending msg to client activator-b3ffa7e0-d54c-4772-a0ed-4a37c72c02f2: DetachedLogEvent(LogMessage(debug,		tried C:\Users\Alysson\.ivy2\local\com.typesafe.play\sbt-fork-run-protocol_2.10\2.3.9\jars\sbt-fork-run-protocol_2.10.jar))
Sending msg to client activator-b3ffa7e0-d54c-4772-a0ed-4a37c72c02f2: DetachedLogEvent(LogMessage(debug,		tried C:\doesnotexist\repository\com.typesafe.play\sbt-fork-run-protocol_2.10\2.3.9\jars\sbt-fork-run-protocol_2.10.jar))
Sending msg to client activator-b3ffa7e0-d54c-4772-a0ed-4a37c72c02f2: DetachedLogEvent(LogMessage(debug,		tried C:\Users\Alysson\activator-1.3.2\repository\com.typesafe.play\sbt-fork-run-protocol_2.10\2.3.9\jars\sbt-fork-run-protocol_2.10.jar))
Sending msg to client activator-b3ffa7e0-d54c-4772-a0ed-4a37c72c02f2: DetachedLogEvent(LogMessage(debug,		tried https://repo1.maven.org/maven2/com/typesafe/play/sbt-fork-run-protocol_2.10/2.3.9/sbt-fork-run-protocol_2.10-2.3.9.jar))
Sending msg to client activator-b3ffa7e0-d54c-4772-a0ed-4a37c72c02f2: DetachedLogEvent(LogMessage(debug,	found com.typesafe.play#sbt-fork-run-protocol_2.10;2.3.9 in public))
Sending msg to client activator-b3ffa7e0-d54c-4772-a0ed-4a37c72c02f2: DetachedLogEvent(LogMessage(debug,== resolving dependencies com.typesafe.play#sbt-fork-run-plugin;2.3.9->com.typesafe.play#sbt-fork-run-protocol_2.10;2.3.9 [compile->runtime]))
Sending msg to client activator-b3ffa7e0-d54c-4772-a0ed-4a37c72c02f2: DetachedLogEvent(LogMessage(debug,== resolving dependencies com.typesafe.play#sbt-fork-run-plugin;2.3.9->com.typesafe.play#sbt-fork-run-protocol_2.10;2.3.9 [compile->compile]))
Sending msg to client activator-b3ffa7e0-d54c-4772-a0ed-4a37c72c02f2: DetachedLogEvent(LogMessage(debug,== resolving dependencies com.typesafe.play#sbt-fork-run-protocol_2.10;2.3.9->org.scala-lang#scala-library;2.10.4 [compile->master(compile)]))
Sending msg to client activator-b3ffa7e0-d54c-4772-a0ed-4a37c72c02f2: DetachedLogEvent(LogMessage(info,Resolving org.scala-lang#scala-library;2.10.4 ...))
Sending msg to client activator-b3ffa7e0-d54c-4772-a0ed-4a37c72c02f2: DetachedLogEvent(LogMessage(debug,sbt-chain: Checking cache for: dependency: org.scala-lang#scala-library;2.10.4 {compile=[compile(*), master(compile)], runtime=[runtime(*)]}))
Sending msg to client activator-b3ffa7e0-d54c-4772-a0ed-4a37c72c02f2: DetachedLogEvent(LogMessage(debug,sbt-chain: module revision found in cache: org.scala-lang#scala-library;2.10.4))
Sending msg to client activator-b3ffa7e0-d54c-4772-a0ed-4a37c72c02f2: DetachedLogEvent(LogMessage(debug,	found org.scala-lang#scala-library;2.10.4 in sbt-chain))
Sending msg to client activator-b3ffa7e0-d54c-4772-a0ed-4a37c72c02f2: DetachedLogEvent(LogMessage(debug,	[2.10.4] org.scala-lang#scala-library;2.10.4))
Sending msg to client activator-b3ffa7e0-d54c-4772-a0ed-4a37c72c02f2: DetachedLogEvent(LogMessage(debug,== resolving dependencies com.typesafe.play#sbt-fork-run-protocol_2.10;2.3.9->org.scala-lang#scala-library;2.10.4 [compile->compile(*)]))
Sending msg to client activator-b3ffa7e0-d54c-4772-a0ed-4a37c72c02f2: DetachedLogEvent(LogMessage(debug,== resolving dependencies com.typesafe.play#sbt-fork-run-protocol_2.10;2.3.9->org.scala-lang#scala-library;2.10.4 [compile->runtime(*)]))
Sending msg to client activator-b3ffa7e0-d54c-4772-a0ed-4a37c72c02f2: DetachedLogEvent(LogMessage(debug,== resolving dependencies com.typesafe.play#sbt-fork-run-protocol_2.10;2.3.9->org.scala-lang#scala-library;2.10.4 [compile->compile]))
Sending msg to client activator-b3ffa7e0-d54c-4772-a0ed-4a37c72c02f2: DetachedLogEvent(LogMessage(debug,== resolving dependencies com.typesafe.play#sbt-fork-run-protocol_2.10;2.3.9->com.typesafe.play#sbt-run-support_2.10;2.3.9 [compile->master(compile)]))
Sending msg to client activator-b3ffa7e0-d54c-4772-a0ed-4a37c72c02f2: DetachedLogEvent(LogMessage(info,Resolving com.typesafe.play#sbt-run-support_2.10;2.3.9 ...))
Sending msg to client activator-b3ffa7e0-d54c-4772-a0ed-4a37c72c02f2: DetachedLogEvent(LogMessage(debug,sbt-chain: Checking cache for: dependency: com.typesafe.play#sbt-run-support_2.10;2.3.9 {compile=[compile(*), master(compile)], runtime=[runtime(*)]}))
Sending msg to client activator-b3ffa7e0-d54c-4772-a0ed-4a37c72c02f2: DetachedLogEvent(LogMessage(info,Resolving com.typesafe.play#sbt-run-support_2.10;2.3.9 ...))
Sending msg to client activator-b3ffa7e0-d54c-4772-a0ed-4a37c72c02f2: DetachedLogEvent(LogMessage(debug,sbt-chain-delegate: Checking cache for: dependency: com.typesafe.play#sbt-run-support_2.10;2.3.9 {compile=[compile(*), master(compile)], runtime=[runtime(*)]}))
Sending msg to client activator-b3ffa7e0-d54c-4772-a0ed-4a37c72c02f2: DetachedLogEvent(LogMessage(debug,		tried https://repo.typesafe.com/typesafe/ivy-releases/com.typesafe.play/sbt-run-support_2.10/2.3.9/ivys/ivy.xml))
Sending msg to client activator-b3ffa7e0-d54c-4772-a0ed-4a37c72c02f2: DetachedLogEvent(LogMessage(debug,CLIENT ERROR: Not Found url=https://repo.typesafe.com/typesafe/ivy-releases/com.typesafe.play/sbt-run-support_2.10/2.3.9/ivys/ivy.xml))
Sending msg to client activator-b3ffa7e0-d54c-4772-a0ed-4a37c72c02f2: DetachedLogEvent(LogMessage(debug,	typesafe-ivy-releases: no ivy file found for com.typesafe.play#sbt-run-support_2.10;2.3.9))
Sending msg to client activator-b3ffa7e0-d54c-4772-a0ed-4a37c72c02f2: DetachedLogEvent(LogMessage(debug,		tried https://repo.scala-sbt.org/scalasbt/sbt-plugin-releases/com.typesafe.play/sbt-run-support_2.10/2.3.9/ivys/ivy.xml))
Sending msg to client activator-b3ffa7e0-d54c-4772-a0ed-4a37c72c02f2: DetachedLogEvent(LogMessage(debug,CLIENT ERROR: Not Found url=https://repo.scala-sbt.org/scalasbt/sbt-plugin-releases/com.typesafe.play/sbt-run-support_2.10/2.3.9/ivys/ivy.xml))
Sending msg to client activator-b3ffa7e0-d54c-4772-a0ed-4a37c72c02f2: DetachedLogEvent(LogMessage(debug,	sbt-plugin-releases: no ivy file found for com.typesafe.play#sbt-run-support_2.10;2.3.9))
Sending msg to client activator-b3ffa7e0-d54c-4772-a0ed-4a37c72c02f2: DetachedLogEvent(LogMessage(debug,		tried C:\Users\Alysson\.ivy2\local\com.typesafe.play\sbt-run-support_2.10\2.3.9\ivys\ivy.xml))
Sending msg to client activator-b3ffa7e0-d54c-4772-a0ed-4a37c72c02f2: DetachedLogEvent(LogMessage(debug,	local: no ivy file found for com.typesafe.play#sbt-run-support_2.10;2.3.9))
Sending msg to client activator-b3ffa7e0-d54c-4772-a0ed-4a37c72c02f2: DetachedLogEvent(LogMessage(debug,		tried C:\doesnotexist\repository\com.typesafe.play\sbt-run-support_2.10\2.3.9\ivys\ivy.xml))
Sending msg to client activator-b3ffa7e0-d54c-4772-a0ed-4a37c72c02f2: DetachedLogEvent(LogMessage(debug,	activator-launcher-local: no ivy file found for com.typesafe.play#sbt-run-support_2.10;2.3.9))
Sending msg to client activator-b3ffa7e0-d54c-4772-a0ed-4a37c72c02f2: DetachedLogEvent(LogMessage(debug,		tried C:\Users\Alysson\activator-1.3.2\repository\com.typesafe.play\sbt-run-support_2.10\2.3.9\ivys\ivy.xml))
Sending msg to client activator-b3ffa7e0-d54c-4772-a0ed-4a37c72c02f2: DetachedLogEvent(LogMessage(debug,	activator-local: no ivy file found for com.typesafe.play#sbt-run-support_2.10;2.3.9))
Sending msg to client activator-b3ffa7e0-d54c-4772-a0ed-4a37c72c02f2: DetachedLogEvent(LogMessage(debug,		tried https://repo1.maven.org/maven2/com/typesafe/play/sbt-run-support_2.10/2.3.9/sbt-run-support_2.10-2.3.9.pom))
Sending msg to client activator-b3ffa7e0-d54c-4772-a0ed-4a37c72c02f2: DetachedLogEvent(LogMessage(debug,	public: found md file for com.typesafe.play#sbt-run-support_2.10;2.3.9))
Sending msg to client activator-b3ffa7e0-d54c-4772-a0ed-4a37c72c02f2: DetachedLogEvent(LogMessage(debug,		=> https://repo1.maven.org/maven2/com/typesafe/play/sbt-run-support_2.10/2.3.9/sbt-run-support_2.10-2.3.9.pom (2.3.9)))
Sending msg to client activator-b3ffa7e0-d54c-4772-a0ed-4a37c72c02f2: DetachedLogEvent(LogMessage(debug,downloading https://repo1.maven.org/maven2/com/typesafe/play/sbt-run-support_2.10/2.3.9/sbt-run-support_2.10-2.3.9.pom ...))
Sending msg to client activator-b3ffa7e0-d54c-4772-a0ed-4a37c72c02f2: DetachedLogEvent(LogMessage(debug,	public: downloading https://repo1.maven.org/maven2/com/typesafe/play/sbt-run-support_2.10/2.3.9/sbt-run-support_2.10-2.3.9.pom))
Sending msg to client activator-b3ffa7e0-d54c-4772-a0ed-4a37c72c02f2: DetachedLogEvent(LogMessage(debug,	public: downloading https://repo1.maven.org/maven2/com/typesafe/play/sbt-run-support_2.10/2.3.9/sbt-run-support_2.10-2.3.9.pom.sha1))
Sending msg to client activator-b3ffa7e0-d54c-4772-a0ed-4a37c72c02f2: DetachedLogEvent(LogMessage(debug,sha1 OK for https://repo1.maven.org/maven2/com/typesafe/play/sbt-run-support_2.10/2.3.9/sbt-run-support_2.10-2.3.9.pom))
Sending msg to client activator-b3ffa7e0-d54c-4772-a0ed-4a37c72c02f2: DetachedLogEvent(LogMessage(debug,	[SUCCESSFUL ] com.typesafe.play#sbt-run-support_2.10;2.3.9!sbt-run-support_2.10.pom(pom.original) (679ms)))
Sending msg to client activator-b3ffa7e0-d54c-4772-a0ed-4a37c72c02f2: DetachedLogEvent(LogMessage(debug,		tried https://repo.typesafe.com/typesafe/ivy-releases/com.typesafe.play/sbt-run-support_2.10/2.3.9/jars/sbt-run-support_2.10.jar))
Sending msg to client activator-b3ffa7e0-d54c-4772-a0ed-4a37c72c02f2: DetachedLogEvent(LogMessage(debug,CLIENT ERROR: Not Found url=https://repo.typesafe.com/typesafe/ivy-releases/com.typesafe.play/sbt-run-support_2.10/2.3.9/jars/sbt-run-support_2.10.jar))
Sending msg to client activator-b3ffa7e0-d54c-4772-a0ed-4a37c72c02f2: DetachedLogEvent(LogMessage(debug,		tried https://repo.scala-sbt.org/scalasbt/sbt-plugin-releases/com.typesafe.play/sbt-run-support_2.10/2.3.9/jars/sbt-run-support_2.10.jar))
Sending msg to client activator-b3ffa7e0-d54c-4772-a0ed-4a37c72c02f2: DetachedLogEvent(LogMessage(debug,CLIENT ERROR: Not Found url=https://repo.scala-sbt.org/scalasbt/sbt-plugin-releases/com.typesafe.play/sbt-run-support_2.10/2.3.9/jars/sbt-run-support_2.10.jar))
Sending msg to client activator-b3ffa7e0-d54c-4772-a0ed-4a37c72c02f2: DetachedLogEvent(LogMessage(debug,		tried C:\Users\Alysson\.ivy2\local\com.typesafe.play\sbt-run-support_2.10\2.3.9\jars\sbt-run-support_2.10.jar))
Sending msg to client activator-b3ffa7e0-d54c-4772-a0ed-4a37c72c02f2: DetachedLogEvent(LogMessage(debug,		tried C:\doesnotexist\repository\com.typesafe.play\sbt-run-support_2.10\2.3.9\jars\sbt-run-support_2.10.jar))
Sending msg to client activator-b3ffa7e0-d54c-4772-a0ed-4a37c72c02f2: DetachedLogEvent(LogMessage(debug,		tried C:\Users\Alysson\activator-1.3.2\repository\com.typesafe.play\sbt-run-support_2.10\2.3.9\jars\sbt-run-support_2.10.jar))
Sending msg to client activator-b3ffa7e0-d54c-4772-a0ed-4a37c72c02f2: DetachedLogEvent(LogMessage(debug,		tried https://repo1.maven.org/maven2/com/typesafe/play/sbt-run-support_2.10/2.3.9/sbt-run-support_2.10-2.3.9.jar))
Sending msg to client activator-b3ffa7e0-d54c-4772-a0ed-4a37c72c02f2: DetachedLogEvent(LogMessage(debug,	found com.typesafe.play#sbt-run-support_2.10;2.3.9 in public))
Sending msg to client activator-b3ffa7e0-d54c-4772-a0ed-4a37c72c02f2: DetachedLogEvent(LogMessage(debug,== resolving dependencies com.typesafe.play#sbt-fork-run-protocol_2.10;2.3.9->com.typesafe.play#sbt-run-support_2.10;2.3.9 [compile->compile(*)]))
Sending msg to client activator-b3ffa7e0-d54c-4772-a0ed-4a37c72c02f2: DetachedLogEvent(LogMessage(debug,== resolving dependencies com.typesafe.play#sbt-run-support_2.10;2.3.9->org.scala-lang#scala-library;2.10.4 [compile->master(compile)]))
Sending msg to client activator-b3ffa7e0-d54c-4772-a0ed-4a37c72c02f2: DetachedLogEvent(LogMessage(debug,== resolving dependencies com.typesafe.play#sbt-run-support_2.10;2.3.9->org.scala-lang#scala-library;2.10.4 [compile->compile(*)]))
Sending msg to client activator-b3ffa7e0-d54c-4772-a0ed-4a37c72c02f2: DetachedLogEvent(LogMessage(debug,== resolving dependencies com.typesafe.play#sbt-run-support_2.10;2.3.9->com.typesafe.play#build-link;2.3.9 [compile->master(compile)]))
Sending msg to client activator-b3ffa7e0-d54c-4772-a0ed-4a37c72c02f2: DetachedLogEvent(LogMessage(info,Resolving com.typesafe.play#build-link;2.3.9 ...))
Sending msg to client activator-b3ffa7e0-d54c-4772-a0ed-4a37c72c02f2: DetachedLogEvent(LogMessage(debug,sbt-chain: Checking cache for: dependency: com.typesafe.play#build-link;2.3.9 {compile=[compile(*), master(compile)], runtime=[runtime(*)]}))
Sending msg to client activator-b3ffa7e0-d54c-4772-a0ed-4a37c72c02f2: DetachedLogEvent(LogMessage(debug,sbt-chain: module revision found in cache: com.typesafe.play#build-link;2.3.9))
Sending msg to client activator-b3ffa7e0-d54c-4772-a0ed-4a37c72c02f2: DetachedLogEvent(LogMessage(debug,	found com.typesafe.play#build-link;2.3.9 in sbt-chain))
Sending msg to client activator-b3ffa7e0-d54c-4772-a0ed-4a37c72c02f2: DetachedLogEvent(LogMessage(debug,== resolving dependencies com.typesafe.play#sbt-run-support_2.10;2.3.9->com.typesafe.play#build-link;2.3.9 [compile->compile(*)]))
Sending msg to client activator-b3ffa7e0-d54c-4772-a0ed-4a37c72c02f2: DetachedLogEvent(LogMessage(debug,== resolving dependencies com.typesafe.play#build-link;2.3.9->com.typesafe.play#play-exceptions;2.3.9 [compile->master(*)]))
Sending msg to client activator-b3ffa7e0-d54c-4772-a0ed-4a37c72c02f2: DetachedLogEvent(LogMessage(info,Resolving com.typesafe.play#play-exceptions;2.3.9 ...))
Sending msg to client activator-b3ffa7e0-d54c-4772-a0ed-4a37c72c02f2: DetachedLogEvent(LogMessage(debug,sbt-chain: Checking cache for: dependency: com.typesafe.play#play-exceptions;2.3.9 {compile=[compile(*), master(*)], runtime=[runtime(*)]}))
Sending msg to client activator-b3ffa7e0-d54c-4772-a0ed-4a37c72c02f2: DetachedLogEvent(LogMessage(debug,sbt-chain: module revision found in cache: com.typesafe.play#play-exceptions;2.3.9))
Sending msg to client activator-b3ffa7e0-d54c-4772-a0ed-4a37c72c02f2: DetachedLogEvent(LogMessage(debug,	found com.typesafe.play#play-exceptions;2.3.9 in sbt-chain))
Sending msg to client activator-b3ffa7e0-d54c-4772-a0ed-4a37c72c02f2: DetachedLogEvent(LogMessage(debug,== resolving dependencies com.typesafe.play#build-link;2.3.9->com.typesafe.play#play-exceptions;2.3.9 [compile->compile(*)]))
Sending msg to client activator-b3ffa7e0-d54c-4772-a0ed-4a37c72c02f2: DetachedLogEvent(LogMessage(debug,== resolving dependencies com.typesafe.play#build-link;2.3.9->org.javassist#javassist;3.18.2-GA [compile->master(*)]))
Sending msg to client activator-b3ffa7e0-d54c-4772-a0ed-4a37c72c02f2: DetachedLogEvent(LogMessage(info,Resolving org.javassist#javassist;3.18.2-GA ...))
Sending msg to client activator-b3ffa7e0-d54c-4772-a0ed-4a37c72c02f2: DetachedLogEvent(LogMessage(debug,sbt-chain: Checking cache for: dependency: org.javassist#javassist;3.18.2-GA {compile=[compile(*), master(*)], runtime=[runtime(*)]}))
Sending msg to client activator-b3ffa7e0-d54c-4772-a0ed-4a37c72c02f2: DetachedLogEvent(LogMessage(debug,sbt-chain: module revision found in cache: org.javassist#javassist;3.18.2-GA))
Sending msg to client activator-b3ffa7e0-d54c-4772-a0ed-4a37c72c02f2: DetachedLogEvent(LogMessage(debug,	found org.javassist#javassist;3.18.2-GA in sbt-chain))
Sending msg to client activator-b3ffa7e0-d54c-4772-a0ed-4a37c72c02f2: DetachedLogEvent(LogMessage(debug,== resolving dependencies com.typesafe.play#build-link;2.3.9->org.javassist#javassist;3.18.2-GA [compile->compile(*)]))
Sending msg to client activator-b3ffa7e0-d54c-4772-a0ed-4a37c72c02f2: DetachedLogEvent(LogMessage(debug,== resolving dependencies com.typesafe.play#sbt-fork-run-protocol_2.10;2.3.9->com.typesafe.play#sbt-run-support_2.10;2.3.9 [compile->runtime(*)]))
Sending msg to client activator-b3ffa7e0-d54c-4772-a0ed-4a37c72c02f2: DetachedLogEvent(LogMessage(debug,== resolving dependencies com.typesafe.play#sbt-fork-run-protocol_2.10;2.3.9->com.typesafe.play#sbt-run-support_2.10;2.3.9 [compile->compile]))
Sending msg to client activator-b3ffa7e0-d54c-4772-a0ed-4a37c72c02f2: DetachedLogEvent(LogMessage(debug,== resolving dependencies com.typesafe.play#sbt-run-support_2.10;2.3.9->org.scala-lang#scala-library;2.10.4 [runtime->runtime(*)]))
Sending msg to client activator-b3ffa7e0-d54c-4772-a0ed-4a37c72c02f2: DetachedLogEvent(LogMessage(debug,== resolving dependencies com.typesafe.play#sbt-run-support_2.10;2.3.9->org.scala-lang#scala-library;2.10.4 [runtime->compile]))
Sending msg to client activator-b3ffa7e0-d54c-4772-a0ed-4a37c72c02f2: DetachedLogEvent(LogMessage(debug,== resolving dependencies com.typesafe.play#sbt-run-support_2.10;2.3.9->com.typesafe.play#build-link;2.3.9 [runtime->runtime(*)]))
Sending msg to client activator-b3ffa7e0-d54c-4772-a0ed-4a37c72c02f2: DetachedLogEvent(LogMessage(debug,== resolving dependencies com.typesafe.play#sbt-run-support_2.10;2.3.9->com.typesafe.play#build-link;2.3.9 [runtime->compile]))
Sending msg to client activator-b3ffa7e0-d54c-4772-a0ed-4a37c72c02f2: DetachedLogEvent(LogMessage(debug,== resolving dependencies com.typesafe.play#build-link;2.3.9->com.typesafe.play#play-exceptions;2.3.9 [runtime->runtime(*)]))
Sending msg to client activator-b3ffa7e0-d54c-4772-a0ed-4a37c72c02f2: DetachedLogEvent(LogMessage(debug,== resolving dependencies com.typesafe.play#build-link;2.3.9->com.typesafe.play#play-exceptions;2.3.9 [runtime->compile]))
Sending msg to client activator-b3ffa7e0-d54c-4772-a0ed-4a37c72c02f2: DetachedLogEvent(LogMessage(debug,== resolving dependencies com.typesafe.play#build-link;2.3.9->org.javassist#javassist;3.18.2-GA [runtime->runtime(*)]))
Sending msg to client activator-b3ffa7e0-d54c-4772-a0ed-4a37c72c02f2: DetachedLogEvent(LogMessage(debug,== resolving dependencies com.typesafe.play#build-link;2.3.9->org.javassist#javassist;3.18.2-GA [runtime->compile]))
Sending msg to client activator-b3ffa7e0-d54c-4772-a0ed-4a37c72c02f2: DetachedLogEvent(LogMessage(debug,== resolving dependencies com.typesafe.play#sbt-fork-run-protocol_2.10;2.3.9->com.typesafe.sbtrc#client-2-10;0.3.1 [compile->master(compile)]))
Sending msg to client activator-b3ffa7e0-d54c-4772-a0ed-4a37c72c02f2: DetachedLogEvent(LogMessage(info,Resolving com.typesafe.sbtrc#client-2-10;0.3.1 ...))
Sending msg to client activator-b3ffa7e0-d54c-4772-a0ed-4a37c72c02f2: DetachedLogEvent(LogMessage(debug,sbt-chain: Checking cache for: dependency: com.typesafe.sbtrc#client-2-10;0.3.1 {compile=[compile(*), master(compile)], runtime=[runtime(*)]}))
Sending msg to client activator-b3ffa7e0-d54c-4772-a0ed-4a37c72c02f2: DetachedLogEvent(LogMessage(debug,sbt-chain: module revision found in cache: com.typesafe.sbtrc#client-2-10;0.3.1))
Sending msg to client activator-b3ffa7e0-d54c-4772-a0ed-4a37c72c02f2: DetachedLogEvent(LogMessage(debug,	found com.typesafe.sbtrc#client-2-10;0.3.1 in sbt-chain))
Sending msg to client activator-b3ffa7e0-d54c-4772-a0ed-4a37c72c02f2: DetachedLogEvent(LogMessage(debug,== resolving dependencies com.typesafe.sbtrc#client-2-10;0.3.1->org.scala-lang#scala-library;2.10.4 [compile->default(compile)]))
Sending msg to client activator-b3ffa7e0-d54c-4772-a0ed-4a37c72c02f2: DetachedLogEvent(LogMessage(debug,== resolving dependencies com.typesafe.sbtrc#client-2-10;0.3.1->org.scala-lang#scala-library;2.10.4 [compile->runtime]))
Sending msg to client activator-b3ffa7e0-d54c-4772-a0ed-4a37c72c02f2: DetachedLogEvent(LogMessage(debug,== resolving dependencies com.typesafe.sbtrc#client-2-10;0.3.1->org.scala-lang#scala-library;2.10.4 [compile->compile]))
Sending msg to client activator-b3ffa7e0-d54c-4772-a0ed-4a37c72c02f2: DetachedLogEvent(LogMessage(debug,== resolving dependencies com.typesafe.sbtrc#client-2-10;0.3.1->org.scala-lang#scala-library;2.10.4 [compile->master]))
Sending msg to client activator-b3ffa7e0-d54c-4772-a0ed-4a37c72c02f2: DetachedLogEvent(LogMessage(debug,== resolving dependencies com.typesafe.sbtrc#client-2-10;0.3.1->org.scala-lang#scala-reflect;2.10.4 [compile->default(compile)]))
Sending msg to client activator-b3ffa7e0-d54c-4772-a0ed-4a37c72c02f2: DetachedLogEvent(LogMessage(info,Resolving org.scala-lang#scala-reflect;2.10.4 ...))
Sending msg to client activator-b3ffa7e0-d54c-4772-a0ed-4a37c72c02f2: DetachedLogEvent(LogMessage(debug,sbt-chain: Checking cache for: dependency: org.scala-lang#scala-reflect;2.10.4 {compile=[default(compile)]}))
Sending msg to client activator-b3ffa7e0-d54c-4772-a0ed-4a37c72c02f2: DetachedLogEvent(LogMessage(debug,sbt-chain: module revision found in cache: org.scala-lang#scala-reflect;2.10.4))
Sending msg to client activator-b3ffa7e0-d54c-4772-a0ed-4a37c72c02f2: DetachedLogEvent(LogMessage(debug,	found org.scala-lang#scala-reflect;2.10.4 in sbt-chain))
Sending msg to client activator-b3ffa7e0-d54c-4772-a0ed-4a37c72c02f2: DetachedLogEvent(LogMessage(debug,	[2.10.4] org.scala-lang#scala-reflect;2.10.4))
Sending msg to client activator-b3ffa7e0-d54c-4772-a0ed-4a37c72c02f2: DetachedLogEvent(LogMessage(debug,== resolving dependencies com.typesafe.sbtrc#client-2-10;0.3.1->org.scala-lang#scala-reflect;2.10.4 [compile->runtime]))
Sending msg to client activator-b3ffa7e0-d54c-4772-a0ed-4a37c72c02f2: DetachedLogEvent(LogMessage(debug,== resolving dependencies com.typesafe.sbtrc#client-2-10;0.3.1->org.scala-lang#scala-reflect;2.10.4 [compile->compile]))
Sending msg to client activator-b3ffa7e0-d54c-4772-a0ed-4a37c72c02f2: DetachedLogEvent(LogMessage(debug,== resolving dependencies org.scala-lang#scala-reflect;2.10.4->org.scala-lang#scala-library;2.10.4 [compile->master(*)]))
Sending msg to client activator-b3ffa7e0-d54c-4772-a0ed-4a37c72c02f2: DetachedLogEvent(LogMessage(debug,== resolving dependencies org.scala-lang#scala-reflect;2.10.4->org.scala-lang#scala-library;2.10.4 [compile->compile(*)]))
Sending msg to client activator-b3ffa7e0-d54c-4772-a0ed-4a37c72c02f2: DetachedLogEvent(LogMessage(debug,== resolving dependencies org.scala-lang#scala-reflect;2.10.4->org.scala-lang#scala-library;2.10.4 [runtime->runtime(*)]))
Sending msg to client activator-b3ffa7e0-d54c-4772-a0ed-4a37c72c02f2: DetachedLogEvent(LogMessage(debug,== resolving dependencies org.scala-lang#scala-reflect;2.10.4->org.scala-lang#scala-library;2.10.4 [runtime->compile]))
Sending msg to client activator-b3ffa7e0-d54c-4772-a0ed-4a37c72c02f2: DetachedLogEvent(LogMessage(debug,== resolving dependencies com.typesafe.sbtrc#client-2-10;0.3.1->org.scala-lang#scala-reflect;2.10.4 [compile->master]))
Sending msg to client activator-b3ffa7e0-d54c-4772-a0ed-4a37c72c02f2: DetachedLogEvent(LogMessage(debug,== resolving dependencies com.typesafe.sbtrc#client-2-10;0.3.1->org.scala-sbt#serialization_2.10;0.1.0 [compile->default(compile)]))
Sending msg to client activator-b3ffa7e0-d54c-4772-a0ed-4a37c72c02f2: DetachedLogEvent(LogMessage(info,Resolving org.scala-sbt#serialization_2.10;0.1.0 ...))
Sending msg to client activator-b3ffa7e0-d54c-4772-a0ed-4a37c72c02f2: DetachedLogEvent(LogMessage(debug,sbt-chain: Checking cache for: dependency: org.scala-sbt#serialization_2.10;0.1.0 {compile=[default(compile)]}))
Sending msg to client activator-b3ffa7e0-d54c-4772-a0ed-4a37c72c02f2: DetachedLogEvent(LogMessage(debug,sbt-chain: module revision found in cache: org.scala-sbt#serialization_2.10;0.1.0))
Sending msg to client activator-b3ffa7e0-d54c-4772-a0ed-4a37c72c02f2: DetachedLogEvent(LogMessage(debug,	found org.scala-sbt#serialization_2.10;0.1.0 in sbt-chain))
Sending msg to client activator-b3ffa7e0-d54c-4772-a0ed-4a37c72c02f2: DetachedLogEvent(LogMessage(debug,== resolving dependencies org.scala-sbt#serialization_2.10;0.1.0->org.scala-lang#scala-library;2.10.4 [compile->default(compile)]))
Sending msg to client activator-b3ffa7e0-d54c-4772-a0ed-4a37c72c02f2: DetachedLogEvent(LogMessage(debug,== resolving dependencies org.scala-sbt#serialization_2.10;0.1.0->org.scala-lang#scala-library;2.10.4 [compile->runtime]))
Sending msg to client activator-b3ffa7e0-d54c-4772-a0ed-4a37c72c02f2: DetachedLogEvent(LogMessage(debug,== resolving dependencies org.scala-sbt#serialization_2.10;0.1.0->org.scala-lang#scala-library;2.10.4 [compile->compile]))
Sending msg to client activator-b3ffa7e0-d54c-4772-a0ed-4a37c72c02f2: DetachedLogEvent(LogMessage(debug,== resolving dependencies org.scala-sbt#serialization_2.10;0.1.0->org.scala-lang#scala-library;2.10.4 [compile->master]))
Sending msg to client activator-b3ffa7e0-d54c-4772-a0ed-4a37c72c02f2: DetachedLogEvent(LogMessage(debug,== resolving dependencies org.scala-sbt#serialization_2.10;0.1.0->org.scala-lang.modules#scala-pickling_2.10;0.10.0 [compile->default(compile)]))
Sending msg to client activator-b3ffa7e0-d54c-4772-a0ed-4a37c72c02f2: DetachedLogEvent(LogMessage(info,Resolving org.scala-lang.modules#scala-pickling_2.10;0.10.0 ...))
Sending msg to client activator-b3ffa7e0-d54c-4772-a0ed-4a37c72c02f2: DetachedLogEvent(LogMessage(debug,sbt-chain: Checking cache for: dependency: org.scala-lang.modules#scala-pickling_2.10;0.10.0 {compile=[default(compile)]}))
Sending msg to client activator-b3ffa7e0-d54c-4772-a0ed-4a37c72c02f2: DetachedLogEvent(LogMessage(debug,sbt-chain: module revision found in cache: org.scala-lang.modules#scala-pickling_2.10;0.10.0))
Sending msg to client activator-b3ffa7e0-d54c-4772-a0ed-4a37c72c02f2: DetachedLogEvent(LogMessage(debug,	found org.scala-lang.modules#scala-pickling_2.10;0.10.0 in sbt-chain))
Sending msg to client activator-b3ffa7e0-d54c-4772-a0ed-4a37c72c02f2: DetachedLogEvent(LogMessage(debug,== resolving dependencies org.scala-sbt#serialization_2.10;0.1.0->org.scala-lang.modules#scala-pickling_2.10;0.10.0 [compile->runtime]))
Sending msg to client activator-b3ffa7e0-d54c-4772-a0ed-4a37c72c02f2: DetachedLogEvent(LogMessage(debug,== resolving dependencies org.scala-sbt#serialization_2.10;0.1.0->org.scala-lang.modules#scala-pickling_2.10;0.10.0 [compile->compile]))
Sending msg to client activator-b3ffa7e0-d54c-4772-a0ed-4a37c72c02f2: DetachedLogEvent(LogMessage(debug,== resolving dependencies org.scala-lang.modules#scala-pickling_2.10;0.10.0->org.scala-lang#scala-compiler;2.10.4 [compile->master(compile)]))
Sending msg to client activator-b3ffa7e0-d54c-4772-a0ed-4a37c72c02f2: DetachedLogEvent(LogMessage(info,Resolving org.scala-lang#scala-compiler;2.10.4 ...))
Sending msg to client activator-b3ffa7e0-d54c-4772-a0ed-4a37c72c02f2: DetachedLogEvent(LogMessage(debug,sbt-chain: Checking cache for: dependency: org.scala-lang#scala-compiler;2.10.4 {compile=[compile(*), master(compile)], runtime=[runtime(*)]}))
Sending msg to client activator-b3ffa7e0-d54c-4772-a0ed-4a37c72c02f2: DetachedLogEvent(LogMessage(debug,sbt-chain: module revision found in cache: org.scala-lang#scala-compiler;2.10.4))
Sending msg to client activator-b3ffa7e0-d54c-4772-a0ed-4a37c72c02f2: DetachedLogEvent(LogMessage(debug,	found org.scala-lang#scala-compiler;2.10.4 in sbt-chain))
Sending msg to client activator-b3ffa7e0-d54c-4772-a0ed-4a37c72c02f2: DetachedLogEvent(LogMessage(debug,== resolving dependencies org.scala-lang.modules#scala-pickling_2.10;0.10.0->org.scala-lang#scala-compiler;2.10.4 [compile->compile(*)]))
Sending msg to client activator-b3ffa7e0-d54c-4772-a0ed-4a37c72c02f2: DetachedLogEvent(LogMessage(debug,== resolving dependencies org.scala-lang#scala-compiler;2.10.4->org.scala-lang#scala-library;2.10.4 [compile->master(*)]))
Sending msg to client activator-b3ffa7e0-d54c-4772-a0ed-4a37c72c02f2: DetachedLogEvent(LogMessage(debug,== resolving dependencies org.scala-lang#scala-compiler;2.10.4->org.scala-lang#scala-library;2.10.4 [compile->compile(*)]))
Sending msg to client activator-b3ffa7e0-d54c-4772-a0ed-4a37c72c02f2: DetachedLogEvent(LogMessage(debug,== resolving dependencies org.scala-lang#scala-compiler;2.10.4->org.scala-lang#scala-reflect;2.10.4 [compile->master(*)]))
Sending msg to client activator-b3ffa7e0-d54c-4772-a0ed-4a37c72c02f2: DetachedLogEvent(LogMessage(debug,== resolving dependencies org.scala-lang#scala-compiler;2.10.4->org.scala-lang#scala-reflect;2.10.4 [compile->compile(*)]))
Sending msg to client activator-b3ffa7e0-d54c-4772-a0ed-4a37c72c02f2: DetachedLogEvent(LogMessage(debug,== resolving dependencies org.scala-lang#scala-compiler;2.10.4->org.scala-lang#scala-reflect;2.10.4 [compile->runtime(*)]))
Sending msg to client activator-b3ffa7e0-d54c-4772-a0ed-4a37c72c02f2: DetachedLogEvent(LogMessage(debug,== resolving dependencies org.scala-lang#scala-compiler;2.10.4->org.scala-lang#scala-reflect;2.10.4 [compile->compile]))
Sending msg to client activator-b3ffa7e0-d54c-4772-a0ed-4a37c72c02f2: DetachedLogEvent(LogMessage(debug,== resolving dependencies org.scala-lang#scala-compiler;2.10.4->org.scala-lang#scala-reflect;2.10.4 [compile->master(compile)]))
Sending msg to client activator-b3ffa7e0-d54c-4772-a0ed-4a37c72c02f2: DetachedLogEvent(LogMessage(debug,== resolving dependencies org.scala-lang.modules#scala-pickling_2.10;0.10.0->org.scala-lang#scala-compiler;2.10.4 [compile->runtime(*)]))
Sending msg to client activator-b3ffa7e0-d54c-4772-a0ed-4a37c72c02f2: DetachedLogEvent(LogMessage(debug,== resolving dependencies org.scala-lang.modules#scala-pickling_2.10;0.10.0->org.scala-lang#scala-compiler;2.10.4 [compile->compile]))
Sending msg to client activator-b3ffa7e0-d54c-4772-a0ed-4a37c72c02f2: DetachedLogEvent(LogMessage(debug,== resolving dependencies org.scala-lang#scala-compiler;2.10.4->org.scala-lang#scala-library;2.10.4 [runtime->runtime(*)]))
Sending msg to client activator-b3ffa7e0-d54c-4772-a0ed-4a37c72c02f2: DetachedLogEvent(LogMessage(debug,== resolving dependencies org.scala-lang#scala-compiler;2.10.4->org.scala-lang#scala-library;2.10.4 [runtime->compile]))
Sending msg to client activator-b3ffa7e0-d54c-4772-a0ed-4a37c72c02f2: DetachedLogEvent(LogMessage(debug,== resolving dependencies org.scala-lang#scala-compiler;2.10.4->org.scala-lang#scala-reflect;2.10.4 [runtime->runtime(*)]))
Sending msg to client activator-b3ffa7e0-d54c-4772-a0ed-4a37c72c02f2: DetachedLogEvent(LogMessage(debug,== resolving dependencies org.scala-lang#scala-compiler;2.10.4->org.scala-lang#scala-reflect;2.10.4 [runtime->compile]))
Sending msg to client activator-b3ffa7e0-d54c-4772-a0ed-4a37c72c02f2: DetachedLogEvent(LogMessage(debug,== resolving dependencies org.scala-lang.modules#scala-pickling_2.10;0.10.0->org.scala-lang#scala-library;2.10.4 [compile->master(compile)]))
Sending msg to client activator-b3ffa7e0-d54c-4772-a0ed-4a37c72c02f2: DetachedLogEvent(LogMessage(debug,== resolving dependencies org.scala-lang.modules#scala-pickling_2.10;0.10.0->org.scala-lang#scala-library;2.10.4 [compile->compile(*)]))
Sending msg to client activator-b3ffa7e0-d54c-4772-a0ed-4a37c72c02f2: DetachedLogEvent(LogMessage(debug,== resolving dependencies org.scala-lang.modules#scala-pickling_2.10;0.10.0->org.scala-lang#scala-reflect;2.10.4 [compile->master(compile)]))
Sending msg to client activator-b3ffa7e0-d54c-4772-a0ed-4a37c72c02f2: DetachedLogEvent(LogMessage(debug,== resolving dependencies org.scala-lang.modules#scala-pickling_2.10;0.10.0->org.scala-lang#scala-reflect;2.10.4 [compile->compile(*)]))
Sending msg to client activator-b3ffa7e0-d54c-4772-a0ed-4a37c72c02f2: DetachedLogEvent(LogMessage(debug,== resolving dependencies org.scala-lang.modules#scala-pickling_2.10;0.10.0->org.scalamacros#quasiquotes_2.10;2.0.1 [compile->master(compile)]))
Sending msg to client activator-b3ffa7e0-d54c-4772-a0ed-4a37c72c02f2: DetachedLogEvent(LogMessage(info,Resolving org.scalamacros#quasiquotes_2.10;2.0.1 ...))
Sending msg to client activator-b3ffa7e0-d54c-4772-a0ed-4a37c72c02f2: DetachedLogEvent(LogMessage(debug,sbt-chain: Checking cache for: dependency: org.scalamacros#quasiquotes_2.10;2.0.1 {compile=[compile(*), master(compile)], runtime=[runtime(*)]}))
Sending msg to client activator-b3ffa7e0-d54c-4772-a0ed-4a37c72c02f2: DetachedLogEvent(LogMessage(debug,sbt-chain: module revision found in cache: org.scalamacros#quasiquotes_2.10;2.0.1))
Sending msg to client activator-b3ffa7e0-d54c-4772-a0ed-4a37c72c02f2: DetachedLogEvent(LogMessage(debug,	found org.scalamacros#quasiquotes_2.10;2.0.1 in sbt-chain))
Sending msg to client activator-b3ffa7e0-d54c-4772-a0ed-4a37c72c02f2: DetachedLogEvent(LogMessage(debug,== resolving dependencies org.scala-lang.modules#scala-pickling_2.10;0.10.0->org.scalamacros#quasiquotes_2.10;2.0.1 [compile->compile(*)]))
Sending msg to client activator-b3ffa7e0-d54c-4772-a0ed-4a37c72c02f2: DetachedLogEvent(LogMessage(debug,== resolving dependencies org.scalamacros#quasiquotes_2.10;2.0.1->org.scala-lang#scala-library;2.10.4 [compile->master(*)]))
Sending msg to client activator-b3ffa7e0-d54c-4772-a0ed-4a37c72c02f2: DetachedLogEvent(LogMessage(debug,== resolving dependencies org.scalamacros#quasiquotes_2.10;2.0.1->org.scala-lang#scala-library;2.10.4 [compile->compile(*)]))
Sending msg to client activator-b3ffa7e0-d54c-4772-a0ed-4a37c72c02f2: DetachedLogEvent(LogMessage(debug,== resolving dependencies org.scalamacros#quasiquotes_2.10;2.0.1->org.scala-lang#scala-reflect;2.10.4 [compile->master(*)]))
Sending msg to client activator-b3ffa7e0-d54c-4772-a0ed-4a37c72c02f2: DetachedLogEvent(LogMessage(debug,== resolving dependencies org.scalamacros#quasiquotes_2.10;2.0.1->org.scala-lang#scala-reflect;2.10.4 [compile->compile(*)]))
Sending msg to client activator-b3ffa7e0-d54c-4772-a0ed-4a37c72c02f2: DetachedLogEvent(LogMessage(debug,== resolving dependencies org.scala-lang.modules#scala-pickling_2.10;0.10.0->org.scalamacros#quasiquotes_2.10;2.0.1 [compile->runtime(*)]))
Sending msg to client activator-b3ffa7e0-d54c-4772-a0ed-4a37c72c02f2: DetachedLogEvent(LogMessage(debug,== resolving dependencies org.scala-lang.modules#scala-pickling_2.10;0.10.0->org.scalamacros#quasiquotes_2.10;2.0.1 [compile->compile]))
Sending msg to client activator-b3ffa7e0-d54c-4772-a0ed-4a37c72c02f2: DetachedLogEvent(LogMessage(debug,== resolving dependencies org.scalamacros#quasiquotes_2.10;2.0.1->org.scala-lang#scala-library;2.10.4 [runtime->runtime(*)]))
Sending msg to client activator-b3ffa7e0-d54c-4772-a0ed-4a37c72c02f2: DetachedLogEvent(LogMessage(debug,== resolving dependencies org.scalamacros#quasiquotes_2.10;2.0.1->org.scala-lang#scala-library;2.10.4 [runtime->compile]))
Sending msg to client activator-b3ffa7e0-d54c-4772-a0ed-4a37c72c02f2: DetachedLogEvent(LogMessage(debug,== resolving dependencies org.scalamacros#quasiquotes_2.10;2.0.1->org.scala-lang#scala-reflect;2.10.4 [runtime->runtime(*)]))
Sending msg to client activator-b3ffa7e0-d54c-4772-a0ed-4a37c72c02f2: DetachedLogEvent(LogMessage(debug,== resolving dependencies org.scalamacros#quasiquotes_2.10;2.0.1->org.scala-lang#scala-reflect;2.10.4 [runtime->compile]))
Sending msg to client activator-b3ffa7e0-d54c-4772-a0ed-4a37c72c02f2: DetachedLogEvent(LogMessage(debug,== resolving dependencies org.scala-lang.modules#scala-pickling_2.10;0.10.0->org.scala-lang#scala-compiler;2.10.4 [runtime->runtime(*)]))
Sending msg to client activator-b3ffa7e0-d54c-4772-a0ed-4a37c72c02f2: DetachedLogEvent(LogMessage(debug,== resolving dependencies org.scala-lang.modules#scala-pickling_2.10;0.10.0->org.scala-lang#scala-compiler;2.10.4 [runtime->compile]))
Sending msg to client activator-b3ffa7e0-d54c-4772-a0ed-4a37c72c02f2: DetachedLogEvent(LogMessage(debug,== resolving dependencies org.scala-lang.modules#scala-pickling_2.10;0.10.0->org.scala-lang#scala-library;2.10.4 [runtime->runtime(*)]))
Sending msg to client activator-b3ffa7e0-d54c-4772-a0ed-4a37c72c02f2: DetachedLogEvent(LogMessage(debug,== resolving dependencies org.scala-lang.modules#scala-pickling_2.10;0.10.0->org.scala-lang#scala-library;2.10.4 [runtime->compile]))
Sending msg to client activator-b3ffa7e0-d54c-4772-a0ed-4a37c72c02f2: DetachedLogEvent(LogMessage(debug,== resolving dependencies org.scala-lang.modules#scala-pickling_2.10;0.10.0->org.scala-lang#scala-reflect;2.10.4 [runtime->runtime(*)]))
Sending msg to client activator-b3ffa7e0-d54c-4772-a0ed-4a37c72c02f2: DetachedLogEvent(LogMessage(debug,== resolving dependencies org.scala-lang.modules#scala-pickling_2.10;0.10.0->org.scala-lang#scala-reflect;2.10.4 [runtime->compile]))
Sending msg to client activator-b3ffa7e0-d54c-4772-a0ed-4a37c72c02f2: DetachedLogEvent(LogMessage(debug,== resolving dependencies org.scala-lang.modules#scala-pickling_2.10;0.10.0->org.scalamacros#quasiquotes_2.10;2.0.1 [runtime->runtime(*)]))
Sending msg to client activator-b3ffa7e0-d54c-4772-a0ed-4a37c72c02f2: DetachedLogEvent(LogMessage(debug,== resolving dependencies org.scala-lang.modules#scala-pickling_2.10;0.10.0->org.scalamacros#quasiquotes_2.10;2.0.1 [runtime->compile]))
Sending msg to client activator-b3ffa7e0-d54c-4772-a0ed-4a37c72c02f2: DetachedLogEvent(LogMessage(debug,== resolving dependencies org.scala-sbt#serialization_2.10;0.1.0->org.scala-lang.modules#scala-pickling_2.10;0.10.0 [compile->master]))
Sending msg to client activator-b3ffa7e0-d54c-4772-a0ed-4a37c72c02f2: DetachedLogEvent(LogMessage(debug,== resolving dependencies org.scala-sbt#serialization_2.10;0.1.0->org.json4s#json4s-core_2.10;3.2.10 [compile->default(compile)]))
Sending msg to client activator-b3ffa7e0-d54c-4772-a0ed-4a37c72c02f2: DetachedLogEvent(LogMessage(info,Resolving org.json4s#json4s-core_2.10;3.2.10 ...))
Sending msg to client activator-b3ffa7e0-d54c-4772-a0ed-4a37c72c02f2: DetachedLogEvent(LogMessage(debug,sbt-chain: Checking cache for: dependency: org.json4s#json4s-core_2.10;3.2.10 {compile=[default(compile)]}))
Sending msg to client activator-b3ffa7e0-d54c-4772-a0ed-4a37c72c02f2: DetachedLogEvent(LogMessage(debug,sbt-chain: module revision found in cache: org.json4s#json4s-core_2.10;3.2.10))
Sending msg to client activator-b3ffa7e0-d54c-4772-a0ed-4a37c72c02f2: DetachedLogEvent(LogMessage(debug,	found org.json4s#json4s-core_2.10;3.2.10 in sbt-chain))
Sending msg to client activator-b3ffa7e0-d54c-4772-a0ed-4a37c72c02f2: DetachedLogEvent(LogMessage(debug,== resolving dependencies org.scala-sbt#serialization_2.10;0.1.0->org.json4s#json4s-core_2.10;3.2.10 [compile->runtime]))
Sending msg to client activator-b3ffa7e0-d54c-4772-a0ed-4a37c72c02f2: DetachedLogEvent(LogMessage(debug,== resolving dependencies org.scala-sbt#serialization_2.10;0.1.0->org.json4s#json4s-core_2.10;3.2.10 [compile->compile]))
Sending msg to client activator-b3ffa7e0-d54c-4772-a0ed-4a37c72c02f2: DetachedLogEvent(LogMessage(debug,dependency descriptor has been mediated: dependency: org.scala-lang#scala-library;2.10.0 {compile=[compile(*), master(*)], runtime=[runtime(*)]} => dependency: org.scala-lang#scala-library;2.10.4 {compile=[compile(*), master(*)], runtime=[runtime(*)]}))
Sending msg to client activator-b3ffa7e0-d54c-4772-a0ed-4a37c72c02f2: DetachedLogEvent(LogMessage(debug,excluding dependency: org.scala-lang#scalap;2.10.0 {compile=[compile(*), master(*)], runtime=[runtime(*)]} in compile))
Sending msg to client activator-b3ffa7e0-d54c-4772-a0ed-4a37c72c02f2: DetachedLogEvent(LogMessage(debug,== resolving dependencies org.json4s#json4s-core_2.10;3.2.10->org.scala-lang#scala-library;2.10.4 [compile->master(*)]))
Sending msg to client activator-b3ffa7e0-d54c-4772-a0ed-4a37c72c02f2: DetachedLogEvent(LogMessage(debug,dependency descriptor has been mediated: dependency: org.scala-lang#scala-library;2.10.0 {compile=[compile(*), master(*)], runtime=[runtime(*)]} => dependency: org.scala-lang#scala-library;2.10.4 {compile=[compile(*), master(*)], runtime=[runtime(*)]}))
Sending msg to client activator-b3ffa7e0-d54c-4772-a0ed-4a37c72c02f2: DetachedLogEvent(LogMessage(debug,dependency descriptor has been mediated: dependency: org.scala-lang#scala-library;2.10.0 {compile=[compile(*), master(*)], runtime=[runtime(*)]} => dependency: org.scala-lang#scala-library;2.10.4 {compile=[compile(*), master(*)], runtime=[runtime(*)]}))
Sending msg to client activator-b3ffa7e0-d54c-4772-a0ed-4a37c72c02f2: DetachedLogEvent(LogMessage(debug,excluding dependency: org.scala-lang#scalap;2.10.0 {compile=[compile(*), master(*)], runtime=[runtime(*)]} in compile))
Sending msg to client activator-b3ffa7e0-d54c-4772-a0ed-4a37c72c02f2: DetachedLogEvent(LogMessage(debug,dependency descriptor has been mediated: dependency: org.scala-lang#scala-library;2.10.0 {compile=[compile(*), master(*)], runtime=[runtime(*)]} => dependency: org.scala-lang#scala-library;2.10.4 {compile=[compile(*), master(*)], runtime=[runtime(*)]}))
Sending msg to client activator-b3ffa7e0-d54c-4772-a0ed-4a37c72c02f2: DetachedLogEvent(LogMessage(debug,excluding dependency: org.scala-lang#scalap;2.10.0 {compile=[compile(*), master(*)], runtime=[runtime(*)]} in runtime))
Sending msg to client activator-b3ffa7e0-d54c-4772-a0ed-4a37c72c02f2: DetachedLogEvent(LogMessage(debug,dependency descriptor has been mediated: dependency: org.scala-lang#scala-library;2.10.0 {compile=[compile(*), master(*)], runtime=[runtime(*)]} => dependency: org.scala-lang#scala-library;2.10.4 {compile=[compile(*), master(*)], runtime=[runtime(*)]}))
Sending msg to client activator-b3ffa7e0-d54c-4772-a0ed-4a37c72c02f2: DetachedLogEvent(LogMessage(debug,dependency descriptor has been mediated: dependency: org.scala-lang#scala-library;2.10.0 {compile=[compile(*), master(*)], runtime=[runtime(*)]} => dependency: org.scala-lang#scala-library;2.10.4 {compile=[compile(*), master(*)], runtime=[runtime(*)]}))
Sending msg to client activator-b3ffa7e0-d54c-4772-a0ed-4a37c72c02f2: DetachedLogEvent(LogMessage(debug,== resolving dependencies org.json4s#json4s-core_2.10;3.2.10->org.scala-lang#scala-library;2.10.4 [compile->compile(*)]))
Sending msg to client activator-b3ffa7e0-d54c-4772-a0ed-4a37c72c02f2: DetachedLogEvent(LogMessage(debug,== resolving dependencies org.json4s#json4s-core_2.10;3.2.10->org.json4s#json4s-ast_2.10;3.2.10 [compile->master(*)]))
Sending msg to client activator-b3ffa7e0-d54c-4772-a0ed-4a37c72c02f2: DetachedLogEvent(LogMessage(debug,dependency descriptor has been mediated: dependency: org.scala-lang#scala-library;2.10.0 {compile=[compile(*), master(*)], runtime=[runtime(*)]} => dependency: org.scala-lang#scala-library;2.10.4 {compile=[compile(*), master(*)], runtime=[runtime(*)]}))
Sending msg to client activator-b3ffa7e0-d54c-4772-a0ed-4a37c72c02f2: DetachedLogEvent(LogMessage(debug,dependency descriptor has been mediated: dependency: org.scala-lang#scala-library;2.10.0 {compile=[compile(*), master(*)], runtime=[runtime(*)]} => dependency: org.scala-lang#scala-library;2.10.4 {compile=[compile(*), master(*)], runtime=[runtime(*)]}))
Sending msg to client activator-b3ffa7e0-d54c-4772-a0ed-4a37c72c02f2: DetachedLogEvent(LogMessage(debug,excluding dependency: org.scala-lang#scalap;2.10.0 {compile=[compile(*), master(*)], runtime=[runtime(*)]} in compile))
Sending msg to client activator-b3ffa7e0-d54c-4772-a0ed-4a37c72c02f2: DetachedLogEvent(LogMessage(debug,dependency descriptor has been mediated: dependency: org.scala-lang#scala-library;2.10.0 {compile=[compile(*), master(*)], runtime=[runtime(*)]} => dependency: org.scala-lang#scala-library;2.10.4 {compile=[compile(*), master(*)], runtime=[runtime(*)]}))
Sending msg to client activator-b3ffa7e0-d54c-4772-a0ed-4a37c72c02f2: DetachedLogEvent(LogMessage(debug,excluding dependency: org.scala-lang#scalap;2.10.0 {compile=[compile(*), master(*)], runtime=[runtime(*)]} in runtime))
Sending msg to client activator-b3ffa7e0-d54c-4772-a0ed-4a37c72c02f2: DetachedLogEvent(LogMessage(debug,dependency descriptor has been mediated: dependency: org.scala-lang#scala-library;2.10.0 {compile=[compile(*), master(*)], runtime=[runtime(*)]} => dependency: org.scala-lang#scala-library;2.10.4 {compile=[compile(*), master(*)], runtime=[runtime(*)]}))
Sending msg to client activator-b3ffa7e0-d54c-4772-a0ed-4a37c72c02f2: DetachedLogEvent(LogMessage(debug,dependency descriptor has been mediated: dependency: org.scala-lang#scala-library;2.10.0 {compile=[compile(*), master(*)], runtime=[runtime(*)]} => dependency: org.scala-lang#scala-library;2.10.4 {compile=[compile(*), master(*)], runtime=[runtime(*)]}))
Sending msg to client activator-b3ffa7e0-d54c-4772-a0ed-4a37c72c02f2: DetachedLogEvent(LogMessage(info,Resolving org.json4s#json4s-ast_2.10;3.2.10 ...))
Sending msg to client activator-b3ffa7e0-d54c-4772-a0ed-4a37c72c02f2: DetachedLogEvent(LogMessage(debug,sbt-chain: Checking cache for: dependency: org.json4s#json4s-ast_2.10;3.2.10 {compile=[compile(*), master(*)], runtime=[runtime(*)]}))
Sending msg to client activator-b3ffa7e0-d54c-4772-a0ed-4a37c72c02f2: DetachedLogEvent(LogMessage(debug,sbt-chain: module revision found in cache: org.json4s#json4s-ast_2.10;3.2.10))
Sending msg to client activator-b3ffa7e0-d54c-4772-a0ed-4a37c72c02f2: DetachedLogEvent(LogMessage(debug,	found org.json4s#json4s-ast_2.10;3.2.10 in sbt-chain))
Sending msg to client activator-b3ffa7e0-d54c-4772-a0ed-4a37c72c02f2: DetachedLogEvent(LogMessage(debug,dependency descriptor has been mediated: dependency: org.scala-lang#scala-library;2.10.0 {compile=[compile(*), master(*)], runtime=[runtime(*)]} => dependency: org.scala-lang#scala-library;2.10.4 {compile=[compile(*), master(*)], runtime=[runtime(*)]}))
Sending msg to client activator-b3ffa7e0-d54c-4772-a0ed-4a37c72c02f2: DetachedLogEvent(LogMessage(debug,== resolving dependencies org.json4s#json4s-core_2.10;3.2.10->org.json4s#json4s-ast_2.10;3.2.10 [compile->compile(*)]))
Sending msg to client activator-b3ffa7e0-d54c-4772-a0ed-4a37c72c02f2: DetachedLogEvent(LogMessage(debug,dependency descriptor has been mediated: dependency: org.scala-lang#scala-library;2.10.0 {compile=[compile(*), master(*)], runtime=[runtime(*)]} => dependency: org.scala-lang#scala-library;2.10.4 {compile=[compile(*), master(*)], runtime=[runtime(*)]}))
Sending msg to client activator-b3ffa7e0-d54c-4772-a0ed-4a37c72c02f2: DetachedLogEvent(LogMessage(debug,== resolving dependencies org.json4s#json4s-ast_2.10;3.2.10->org.scala-lang#scala-library;2.10.4 [compile->master(*)]))
Sending msg to client activator-b3ffa7e0-d54c-4772-a0ed-4a37c72c02f2: DetachedLogEvent(LogMessage(debug,dependency descriptor has been mediated: dependency: org.scala-lang#scala-library;2.10.0 {compile=[compile(*), master(*)], runtime=[runtime(*)]} => dependency: org.scala-lang#scala-library;2.10.4 {compile=[compile(*), master(*)], runtime=[runtime(*)]}))
Sending msg to client activator-b3ffa7e0-d54c-4772-a0ed-4a37c72c02f2: DetachedLogEvent(LogMessage(debug,dependency descriptor has been mediated: dependency: org.scala-lang#scala-library;2.10.0 {compile=[compile(*), master(*)], runtime=[runtime(*)]} => dependency: org.scala-lang#scala-library;2.10.4 {compile=[compile(*), master(*)], runtime=[runtime(*)]}))
Sending msg to client activator-b3ffa7e0-d54c-4772-a0ed-4a37c72c02f2: DetachedLogEvent(LogMessage(debug,dependency descriptor has been mediated: dependency: org.scala-lang#scala-library;2.10.0 {compile=[compile(*), master(*)], runtime=[runtime(*)]} => dependency: org.scala-lang#scala-library;2.10.4 {compile=[compile(*), master(*)], runtime=[runtime(*)]}))
Sending msg to client activator-b3ffa7e0-d54c-4772-a0ed-4a37c72c02f2: DetachedLogEvent(LogMessage(debug,dependency descriptor has been mediated: dependency: org.scala-lang#scala-library;2.10.0 {compile=[compile(*), master(*)], runtime=[runtime(*)]} => dependency: org.scala-lang#scala-library;2.10.4 {compile=[compile(*), master(*)], runtime=[runtime(*)]}))
Sending msg to client activator-b3ffa7e0-d54c-4772-a0ed-4a37c72c02f2: DetachedLogEvent(LogMessage(debug,dependency descriptor has been mediated: dependency: org.scala-lang#scala-library;2.10.0 {compile=[compile(*), master(*)], runtime=[runtime(*)]} => dependency: org.scala-lang#scala-library;2.10.4 {compile=[compile(*), master(*)], runtime=[runtime(*)]}))
Sending msg to client activator-b3ffa7e0-d54c-4772-a0ed-4a37c72c02f2: DetachedLogEvent(LogMessage(debug,== resolving dependencies org.json4s#json4s-ast_2.10;3.2.10->org.scala-lang#scala-library;2.10.4 [compile->compile(*)]))
Sending msg to client activator-b3ffa7e0-d54c-4772-a0ed-4a37c72c02f2: DetachedLogEvent(LogMessage(debug,== resolving dependencies org.json4s#json4s-core_2.10;3.2.10->org.json4s#json4s-ast_2.10;3.2.10 [compile->runtime(*)]))
Sending msg to client activator-b3ffa7e0-d54c-4772-a0ed-4a37c72c02f2: DetachedLogEvent(LogMessage(debug,== resolving dependencies org.json4s#json4s-core_2.10;3.2.10->org.json4s#json4s-ast_2.10;3.2.10 [compile->compile]))
Sending msg to client activator-b3ffa7e0-d54c-4772-a0ed-4a37c72c02f2: DetachedLogEvent(LogMessage(debug,dependency descriptor has been mediated: dependency: org.scala-lang#scala-library;2.10.0 {compile=[compile(*), master(*)], runtime=[runtime(*)]} => dependency: org.scala-lang#scala-library;2.10.4 {compile=[compile(*), master(*)], runtime=[runtime(*)]}))
Sending msg to client activator-b3ffa7e0-d54c-4772-a0ed-4a37c72c02f2: DetachedLogEvent(LogMessage(debug,== resolving dependencies org.json4s#json4s-ast_2.10;3.2.10->org.scala-lang#scala-library;2.10.4 [runtime->runtime(*)]))
Sending msg to client activator-b3ffa7e0-d54c-4772-a0ed-4a37c72c02f2: DetachedLogEvent(LogMessage(debug,== resolving dependencies org.json4s#json4s-ast_2.10;3.2.10->org.scala-lang#scala-library;2.10.4 [runtime->compile]))
Sending msg to client activator-b3ffa7e0-d54c-4772-a0ed-4a37c72c02f2: DetachedLogEvent(LogMessage(debug,== resolving dependencies org.json4s#json4s-core_2.10;3.2.10->com.thoughtworks.paranamer#paranamer;2.6 [compile->master(*)]))
Sending msg to client activator-b3ffa7e0-d54c-4772-a0ed-4a37c72c02f2: DetachedLogEvent(LogMessage(debug,dependency descriptor has been mediated: dependency: org.scala-lang#scala-library;2.10.0 {compile=[compile(*), master(*)], runtime=[runtime(*)]} => dependency: org.scala-lang#scala-library;2.10.4 {compile=[compile(*), master(*)], runtime=[runtime(*)]}))
Sending msg to client activator-b3ffa7e0-d54c-4772-a0ed-4a37c72c02f2: DetachedLogEvent(LogMessage(debug,dependency descriptor has been mediated: dependency: org.scala-lang#scala-library;2.10.0 {compile=[compile(*), master(*)], runtime=[runtime(*)]} => dependency: org.scala-lang#scala-library;2.10.4 {compile=[compile(*), master(*)], runtime=[runtime(*)]}))
Sending msg to client activator-b3ffa7e0-d54c-4772-a0ed-4a37c72c02f2: DetachedLogEvent(LogMessage(debug,excluding dependency: org.scala-lang#scalap;2.10.0 {compile=[compile(*), master(*)], runtime=[runtime(*)]} in compile))
Sending msg to client activator-b3ffa7e0-d54c-4772-a0ed-4a37c72c02f2: DetachedLogEvent(LogMessage(debug,dependency descriptor has been mediated: dependency: org.scala-lang#scala-library;2.10.0 {compile=[compile(*), master(*)], runtime=[runtime(*)]} => dependency: org.scala-lang#scala-library;2.10.4 {compile=[compile(*), master(*)], runtime=[runtime(*)]}))
Sending msg to client activator-b3ffa7e0-d54c-4772-a0ed-4a37c72c02f2: DetachedLogEvent(LogMessage(debug,excluding dependency: org.scala-lang#scalap;2.10.0 {compile=[compile(*), master(*)], runtime=[runtime(*)]} in runtime))
Sending msg to client activator-b3ffa7e0-d54c-4772-a0ed-4a37c72c02f2: DetachedLogEvent(LogMessage(debug,dependency descriptor has been mediated: dependency: org.scala-lang#scala-library;2.10.0 {compile=[compile(*), master(*)], runtime=[runtime(*)]} => dependency: org.scala-lang#scala-library;2.10.4 {compile=[compile(*), master(*)], runtime=[runtime(*)]}))
Sending msg to client activator-b3ffa7e0-d54c-4772-a0ed-4a37c72c02f2: DetachedLogEvent(LogMessage(debug,dependency descriptor has been mediated: dependency: org.scala-lang#scala-library;2.10.0 {compile=[compile(*), master(*)], runtime=[runtime(*)]} => dependency: org.scala-lang#scala-library;2.10.4 {compile=[compile(*), master(*)], runtime=[runtime(*)]}))
Sending msg to client activator-b3ffa7e0-d54c-4772-a0ed-4a37c72c02f2: DetachedLogEvent(LogMessage(info,Resolving com.thoughtworks.paranamer#paranamer;2.6 ...))
Sending msg to client activator-b3ffa7e0-d54c-4772-a0ed-4a37c72c02f2: DetachedLogEvent(LogMessage(debug,sbt-chain: Checking cache for: dependency: com.thoughtworks.paranamer#paranamer;2.6 {compile=[compile(*), master(*)], runtime=[runtime(*)]}))
Sending msg to client activator-b3ffa7e0-d54c-4772-a0ed-4a37c72c02f2: DetachedLogEvent(LogMessage(debug,sbt-chain: module revision found in cache: com.thoughtworks.paranamer#paranamer;2.6))
Sending msg to client activator-b3ffa7e0-d54c-4772-a0ed-4a37c72c02f2: DetachedLogEvent(LogMessage(debug,	found com.thoughtworks.paranamer#paranamer;2.6 in sbt-chain))
Sending msg to client activator-b3ffa7e0-d54c-4772-a0ed-4a37c72c02f2: DetachedLogEvent(LogMessage(debug,== resolving dependencies org.json4s#json4s-core_2.10;3.2.10->com.thoughtworks.paranamer#paranamer;2.6 [compile->compile(*)]))
Sending msg to client activator-b3ffa7e0-d54c-4772-a0ed-4a37c72c02f2: DetachedLogEvent(LogMessage(debug,== resolving dependencies org.json4s#json4s-core_2.10;3.2.10->com.thoughtworks.paranamer#paranamer;2.6 [compile->runtime(*)]))
Sending msg to client activator-b3ffa7e0-d54c-4772-a0ed-4a37c72c02f2: DetachedLogEvent(LogMessage(debug,== resolving dependencies org.json4s#json4s-core_2.10;3.2.10->com.thoughtworks.paranamer#paranamer;2.6 [compile->compile]))
Sending msg to client activator-b3ffa7e0-d54c-4772-a0ed-4a37c72c02f2: DetachedLogEvent(LogMessage(debug,dependency descriptor has been mediated: dependency: org.scala-lang#scala-library;2.10.0 {compile=[compile(*), master(*)], runtime=[runtime(*)]} => dependency: org.scala-lang#scala-library;2.10.4 {compile=[compile(*), master(*)], runtime=[runtime(*)]}))
Sending msg to client activator-b3ffa7e0-d54c-4772-a0ed-4a37c72c02f2: DetachedLogEvent(LogMessage(debug,excluding dependency: org.scala-lang#scalap;2.10.0 {compile=[compile(*), master(*)], runtime=[runtime(*)]} in runtime))
Sending msg to client activator-b3ffa7e0-d54c-4772-a0ed-4a37c72c02f2: DetachedLogEvent(LogMessage(debug,== resolving dependencies org.json4s#json4s-core_2.10;3.2.10->org.scala-lang#scala-library;2.10.4 [runtime->runtime(*)]))
Sending msg to client activator-b3ffa7e0-d54c-4772-a0ed-4a37c72c02f2: DetachedLogEvent(LogMessage(debug,== resolving dependencies org.json4s#json4s-core_2.10;3.2.10->org.scala-lang#scala-library;2.10.4 [runtime->compile]))
Sending msg to client activator-b3ffa7e0-d54c-4772-a0ed-4a37c72c02f2: DetachedLogEvent(LogMessage(debug,== resolving dependencies org.json4s#json4s-core_2.10;3.2.10->org.json4s#json4s-ast_2.10;3.2.10 [runtime->runtime(*)]))
Sending msg to client activator-b3ffa7e0-d54c-4772-a0ed-4a37c72c02f2: DetachedLogEvent(LogMessage(debug,== resolving dependencies org.json4s#json4s-core_2.10;3.2.10->org.json4s#json4s-ast_2.10;3.2.10 [runtime->compile]))
Sending msg to client activator-b3ffa7e0-d54c-4772-a0ed-4a37c72c02f2: DetachedLogEvent(LogMessage(debug,== resolving dependencies org.json4s#json4s-core_2.10;3.2.10->com.thoughtworks.paranamer#paranamer;2.6 [runtime->runtime(*)]))
Sending msg to client activator-b3ffa7e0-d54c-4772-a0ed-4a37c72c02f2: DetachedLogEvent(LogMessage(debug,== resolving dependencies org.json4s#json4s-core_2.10;3.2.10->com.thoughtworks.paranamer#paranamer;2.6 [runtime->compile]))
Sending msg to client activator-b3ffa7e0-d54c-4772-a0ed-4a37c72c02f2: DetachedLogEvent(LogMessage(debug,== resolving dependencies org.scala-sbt#serialization_2.10;0.1.0->org.json4s#json4s-core_2.10;3.2.10 [compile->master]))
Sending msg to client activator-b3ffa7e0-d54c-4772-a0ed-4a37c72c02f2: DetachedLogEvent(LogMessage(debug,dependency descriptor has been mediated: dependency: org.scala-lang#scala-library;2.10.0 {compile=[compile(*), master(*)], runtime=[runtime(*)]} => dependency: org.scala-lang#scala-library;2.10.4 {compile=[compile(*), master(*)], runtime=[runtime(*)]}))
Sending msg to client activator-b3ffa7e0-d54c-4772-a0ed-4a37c72c02f2: DetachedLogEvent(LogMessage(debug,dependency descriptor has been mediated: dependency: org.scala-lang#scala-library;2.10.0 {compile=[compile(*), master(*)], runtime=[runtime(*)]} => dependency: org.scala-lang#scala-library;2.10.4 {compile=[compile(*), master(*)], runtime=[runtime(*)]}))
Sending msg to client activator-b3ffa7e0-d54c-4772-a0ed-4a37c72c02f2: DetachedLogEvent(LogMessage(debug,== resolving dependencies org.scala-sbt#serialization_2.10;0.1.0->org.spire-math#jawn-parser_2.10;0.6.0 [compile->default(compile)]))
Sending msg to client activator-b3ffa7e0-d54c-4772-a0ed-4a37c72c02f2: DetachedLogEvent(LogMessage(info,Resolving org.spire-math#jawn-parser_2.10;0.6.0 ...))
Sending msg to client activator-b3ffa7e0-d54c-4772-a0ed-4a37c72c02f2: DetachedLogEvent(LogMessage(debug,sbt-chain: Checking cache for: dependency: org.spire-math#jawn-parser_2.10;0.6.0 {compile=[default(compile)]}))
Sending msg to client activator-b3ffa7e0-d54c-4772-a0ed-4a37c72c02f2: DetachedLogEvent(LogMessage(debug,sbt-chain: module revision found in cache: org.spire-math#jawn-parser_2.10;0.6.0))
Sending msg to client activator-b3ffa7e0-d54c-4772-a0ed-4a37c72c02f2: DetachedLogEvent(LogMessage(debug,	found org.spire-math#jawn-parser_2.10;0.6.0 in sbt-chain))
Sending msg to client activator-b3ffa7e0-d54c-4772-a0ed-4a37c72c02f2: DetachedLogEvent(LogMessage(debug,== resolving dependencies org.scala-sbt#serialization_2.10;0.1.0->org.spire-math#jawn-parser_2.10;0.6.0 [compile->runtime]))
Sending msg to client activator-b3ffa7e0-d54c-4772-a0ed-4a37c72c02f2: DetachedLogEvent(LogMessage(debug,== resolving dependencies org.scala-sbt#serialization_2.10;0.1.0->org.spire-math#jawn-parser_2.10;0.6.0 [compile->compile]))
Sending msg to client activator-b3ffa7e0-d54c-4772-a0ed-4a37c72c02f2: DetachedLogEvent(LogMessage(debug,== resolving dependencies org.spire-math#jawn-parser_2.10;0.6.0->org.scala-lang#scala-library;2.10.4 [compile->master(*)]))
Sending msg to client activator-b3ffa7e0-d54c-4772-a0ed-4a37c72c02f2: DetachedLogEvent(LogMessage(debug,== resolving dependencies org.spire-math#jawn-parser_2.10;0.6.0->org.scala-lang#scala-library;2.10.4 [compile->compile(*)]))
Sending msg to client activator-b3ffa7e0-d54c-4772-a0ed-4a37c72c02f2: DetachedLogEvent(LogMessage(debug,== resolving dependencies org.spire-math#jawn-parser_2.10;0.6.0->org.scala-lang#scala-library;2.10.4 [runtime->runtime(*)]))
Sending msg to client activator-b3ffa7e0-d54c-4772-a0ed-4a37c72c02f2: DetachedLogEvent(LogMessage(debug,== resolving dependencies org.spire-math#jawn-parser_2.10;0.6.0->org.scala-lang#scala-library;2.10.4 [runtime->compile]))
Sending msg to client activator-b3ffa7e0-d54c-4772-a0ed-4a37c72c02f2: DetachedLogEvent(LogMessage(debug,== resolving dependencies org.scala-sbt#serialization_2.10;0.1.0->org.spire-math#jawn-parser_2.10;0.6.0 [compile->master]))
Sending msg to client activator-b3ffa7e0-d54c-4772-a0ed-4a37c72c02f2: DetachedLogEvent(LogMessage(debug,== resolving dependencies org.scala-sbt#serialization_2.10;0.1.0->org.spire-math#json4s-support_2.10;0.6.0 [compile->default(compile)]))
Sending msg to client activator-b3ffa7e0-d54c-4772-a0ed-4a37c72c02f2: DetachedLogEvent(LogMessage(info,Resolving org.spire-math#json4s-support_2.10;0.6.0 ...))
Sending msg to client activator-b3ffa7e0-d54c-4772-a0ed-4a37c72c02f2: DetachedLogEvent(LogMessage(debug,sbt-chain: Checking cache for: dependency: org.spire-math#json4s-support_2.10;0.6.0 {compile=[default(compile)]}))
Sending msg to client activator-b3ffa7e0-d54c-4772-a0ed-4a37c72c02f2: DetachedLogEvent(LogMessage(debug,sbt-chain: module revision found in cache: org.spire-math#json4s-support_2.10;0.6.0))
Sending msg to client activator-b3ffa7e0-d54c-4772-a0ed-4a37c72c02f2: DetachedLogEvent(LogMessage(debug,	found org.spire-math#json4s-support_2.10;0.6.0 in sbt-chain))
Sending msg to client activator-b3ffa7e0-d54c-4772-a0ed-4a37c72c02f2: DetachedLogEvent(LogMessage(debug,== resolving dependencies org.scala-sbt#serialization_2.10;0.1.0->org.spire-math#json4s-support_2.10;0.6.0 [compile->runtime]))
Sending msg to client activator-b3ffa7e0-d54c-4772-a0ed-4a37c72c02f2: DetachedLogEvent(LogMessage(debug,== resolving dependencies org.scala-sbt#serialization_2.10;0.1.0->org.spire-math#json4s-support_2.10;0.6.0 [compile->compile]))
Sending msg to client activator-b3ffa7e0-d54c-4772-a0ed-4a37c72c02f2: DetachedLogEvent(LogMessage(debug,== resolving dependencies org.spire-math#json4s-support_2.10;0.6.0->org.scala-lang#scala-library;2.10.4 [compile->master(*)]))
Sending msg to client activator-b3ffa7e0-d54c-4772-a0ed-4a37c72c02f2: DetachedLogEvent(LogMessage(debug,== resolving dependencies org.spire-math#json4s-support_2.10;0.6.0->org.scala-lang#scala-library;2.10.4 [compile->compile(*)]))
Sending msg to client activator-b3ffa7e0-d54c-4772-a0ed-4a37c72c02f2: DetachedLogEvent(LogMessage(debug,== resolving dependencies org.spire-math#json4s-support_2.10;0.6.0->org.spire-math#jawn-parser_2.10;0.6.0 [compile->master(*)]))
Sending msg to client activator-b3ffa7e0-d54c-4772-a0ed-4a37c72c02f2: DetachedLogEvent(LogMessage(debug,== resolving dependencies org.spire-math#json4s-support_2.10;0.6.0->org.spire-math#jawn-parser_2.10;0.6.0 [compile->compile(*)]))
Sending msg to client activator-b3ffa7e0-d54c-4772-a0ed-4a37c72c02f2: DetachedLogEvent(LogMessage(debug,== resolving dependencies org.spire-math#json4s-support_2.10;0.6.0->org.spire-math#jawn-parser_2.10;0.6.0 [compile->runtime(*)]))
Sending msg to client activator-b3ffa7e0-d54c-4772-a0ed-4a37c72c02f2: DetachedLogEvent(LogMessage(debug,== resolving dependencies org.spire-math#json4s-support_2.10;0.6.0->org.spire-math#jawn-parser_2.10;0.6.0 [compile->compile]))
Sending msg to client activator-b3ffa7e0-d54c-4772-a0ed-4a37c72c02f2: DetachedLogEvent(LogMessage(debug,== resolving dependencies org.spire-math#json4s-support_2.10;0.6.0->org.json4s#json4s-ast_2.10;3.2.10 [compile->master(*)]))
Sending msg to client activator-b3ffa7e0-d54c-4772-a0ed-4a37c72c02f2: DetachedLogEvent(LogMessage(debug,== resolving dependencies org.spire-math#json4s-support_2.10;0.6.0->org.json4s#json4s-ast_2.10;3.2.10 [compile->compile(*)]))
Sending msg to client activator-b3ffa7e0-d54c-4772-a0ed-4a37c72c02f2: DetachedLogEvent(LogMessage(debug,== resolving dependencies org.spire-math#json4s-support_2.10;0.6.0->org.scala-lang#scala-library;2.10.4 [runtime->runtime(*)]))
Sending msg to client activator-b3ffa7e0-d54c-4772-a0ed-4a37c72c02f2: DetachedLogEvent(LogMessage(debug,== resolving dependencies org.spire-math#json4s-support_2.10;0.6.0->org.scala-lang#scala-library;2.10.4 [runtime->compile]))
Sending msg to client activator-b3ffa7e0-d54c-4772-a0ed-4a37c72c02f2: DetachedLogEvent(LogMessage(debug,== resolving dependencies org.spire-math#json4s-support_2.10;0.6.0->org.spire-math#jawn-parser_2.10;0.6.0 [runtime->runtime(*)]))
Sending msg to client activator-b3ffa7e0-d54c-4772-a0ed-4a37c72c02f2: DetachedLogEvent(LogMessage(debug,== resolving dependencies org.spire-math#json4s-support_2.10;0.6.0->org.spire-math#jawn-parser_2.10;0.6.0 [runtime->compile]))
Sending msg to client activator-b3ffa7e0-d54c-4772-a0ed-4a37c72c02f2: DetachedLogEvent(LogMessage(debug,== resolving dependencies org.spire-math#json4s-support_2.10;0.6.0->org.json4s#json4s-ast_2.10;3.2.10 [runtime->runtime(*)]))
Sending msg to client activator-b3ffa7e0-d54c-4772-a0ed-4a37c72c02f2: DetachedLogEvent(LogMessage(debug,== resolving dependencies org.spire-math#json4s-support_2.10;0.6.0->org.json4s#json4s-as