New log file opened at Thu Jun 04 00:13:37 GMT-03:00 2015 by 9532@AlyssonRibeiro
jvm 9532@AlyssonRibeiro
jvm vmName=Java HotSpot(TM) 64-Bit Server VM vmVendor=Oracle Corporation vmVersion=25.45-b02
jvm specName=Java Virtual Machine Specification specVendor=Oracle Corporation specVersion=1.8
jvm arguments: [-Xms256m, -Xmx1024m, -XX:MetaspaceSize=64m, -XX:MaxMetaspaceSize=256m]
Starting event engine
Starting sbt command engine
Waiting for sbt command engine
Command engine arguments=List()
Command engine baseDirectory=C:\Users\Alysson\workspace\play2-crud-activator
Command engine initial remaining commands List(--initialize, onFailure load-failed, boot, server-send-ready-for-request, server-handle-next-server-request)
> --initialize
> initialize
> onFailure load-failed
> boot
> reload
[Loading] Scanning directory C:\Users\Alysson\workspace\play2-crud-activator\project
[Loading] Found non-root projects 
[Loading] Done in C:\Users\Alysson\workspace\play2-crud-activator\project, returning: ()
deducing auto plugins based on known facts Set(Atom(sbt.plugins.CorePlugin)) and clauses Clauses(List(Clause(Atom(sbt.plugins.JvmPlugin),Set(Atom(sbt.plugins.IvyPlugin))), Clause(Atom(sbt.plugins.JUnitXmlReportPlugin),Set(Atom(sbt.plugins.JvmPlugin))), Clause(Atom(sbt.plugins.CorePlugin),Set(Atom(sbt.plugins.IvyPlugin))), Clause(Atom(sbt.plugins.IvyPlugin),Set(Atom(sbt.plugins.JvmPlugin))), Clause(Atom(sbt.plugins.JvmPlugin),Set(Atom(sbt.plugins.JUnitXmlReportPlugin)))))
  :: deduced result: Matched(sbt.plugins.CorePlugin,sbt.plugins.IvyPlugin,sbt.plugins.JvmPlugin,sbt.plugins.JUnitXmlReportPlugin)
sorting: ns: List(sbt.plugins.CorePlugin, sbt.plugins.IvyPlugin, sbt.plugins.JvmPlugin, sbt.plugins.JUnitXmlReportPlugin)
  :: sorting:: found: List(sbt.plugins.CorePlugin) not found List(sbt.plugins.IvyPlugin, sbt.plugins.JvmPlugin, sbt.plugins.JUnitXmlReportPlugin)
  :: sorting:: found: List(sbt.plugins.CorePlugin, sbt.plugins.IvyPlugin) not found List(sbt.plugins.JvmPlugin, sbt.plugins.JUnitXmlReportPlugin)
  :: sorting:: found: List(sbt.plugins.CorePlugin, sbt.plugins.IvyPlugin, sbt.plugins.JvmPlugin) not found List(sbt.plugins.JUnitXmlReportPlugin)
  :: sorting:: found: List(sbt.plugins.CorePlugin, sbt.plugins.IvyPlugin, sbt.plugins.JvmPlugin, sbt.plugins.JUnitXmlReportPlugin) not found List()
  :: sorted deduced result: List(sbt.plugins.CorePlugin, sbt.plugins.IvyPlugin, sbt.plugins.JvmPlugin, sbt.plugins.JUnitXmlReportPlugin)
[Loading] Done in C:\Users\Alysson\workspace\play2-crud-activator\project, returning: (play2-crud-activator-build)
Loading project definition from C:\Users\Alysson\workspace\play2-crud-activator\project
Running task... Cancel: sbt.TaskCancellationStrategy$Null$@48d25110, check cycles: false
Updating {file:/C:/Users/Alysson/workspace/play2-crud-activator/project/}play2-crud-activator-build...
Other repositories:
Default repositories:
Using inline dependencies specified in Scala.
:: resolving dependencies :: default#play2-crud-activator-build;0.1-SNAPSHOT
	confs: [compile, runtime, test, provided, optional, compile-internal, runtime-internal, test-internal, plugin, sources, docs, pom, scala-tool]
	validate = true
	refresh = false
resolving dependencies for configuration 'compile'
== resolving dependencies for default#play2-crud-activator-build;0.1-SNAPSHOT [compile]
== resolving dependencies default#play2-crud-activator-build;0.1-SNAPSHOT->com.typesafe.play#sbt-fork-run-plugin;2.3.9 [compile->default(compile)]
Resolving com.typesafe.play#sbt-fork-run-plugin;2.3.9 ...
sbt-chain: Checking cache for: dependency: com.typesafe.play#sbt-fork-run-plugin;2.3.9 {compile=[default(compile)]}
Resolving com.typesafe.play#sbt-fork-run-plugin;2.3.9 ...
sbt-chain-delegate: Checking cache for: dependency: com.typesafe.play#sbt-fork-run-plugin;2.3.9 {compile=[default(compile)]}
		tried https://repo.typesafe.com/typesafe/ivy-releases/com.typesafe.play/sbt-fork-run-plugin/scala_2.10/sbt_0.13/2.3.9/ivys/ivy.xml
CLIENT ERROR: Not Found url=https://repo.typesafe.com/typesafe/ivy-releases/com.typesafe.play/sbt-fork-run-plugin/scala_2.10/sbt_0.13/2.3.9/ivys/ivy.xml
	typesafe-ivy-releases: no ivy file found for com.typesafe.play#sbt-fork-run-plugin;2.3.9
		tried https://repo.scala-sbt.org/scalasbt/sbt-plugin-releases/com.typesafe.play/sbt-fork-run-plugin/scala_2.10/sbt_0.13/2.3.9/ivys/ivy.xml
	sbt-plugin-releases: found md file for com.typesafe.play#sbt-fork-run-plugin;2.3.9
		=> https://repo.scala-sbt.org/scalasbt/sbt-plugin-releases/com.typesafe.play/sbt-fork-run-plugin/scala_2.10/sbt_0.13/2.3.9/ivys/ivy.xml (2.3.9)
downloading https://repo.scala-sbt.org/scalasbt/sbt-plugin-releases/com.typesafe.play/sbt-fork-run-plugin/scala_2.10/sbt_0.13/2.3.9/ivys/ivy.xml ...
	sbt-plugin-releases: downloading https://repo.scala-sbt.org/scalasbt/sbt-plugin-releases/com.typesafe.play/sbt-fork-run-plugin/scala_2.10/sbt_0.13/2.3.9/ivys/ivy.xml
	sbt-plugin-releases: downloading https://repo.scala-sbt.org/scalasbt/sbt-plugin-releases/com.typesafe.play/sbt-fork-run-plugin/scala_2.10/sbt_0.13/2.3.9/ivys/ivy.xml.sha1
sha1 OK for https://repo.scala-sbt.org/scalasbt/sbt-plugin-releases/com.typesafe.play/sbt-fork-run-plugin/scala_2.10/sbt_0.13/2.3.9/ivys/ivy.xml
	[SUCCESSFUL ] com.typesafe.play#sbt-fork-run-plugin;2.3.9!ivy.xml(ivy.original) (3372ms)
	found com.typesafe.play#sbt-fork-run-plugin;2.3.9 in sbt-plugin-releases
== resolving dependencies com.typesafe.play#sbt-fork-run-plugin;2.3.9->com.typesafe.play#sbt-fork-run-protocol_2.10;2.3.9 [compile->default(compile)]
Resolving com.typesafe.play#sbt-fork-run-protocol_2.10;2.3.9 ...
sbt-chain: Checking cache for: dependency: com.typesafe.play#sbt-fork-run-protocol_2.10;2.3.9 {compile=[default(compile)]}
Resolving com.typesafe.play#sbt-fork-run-protocol_2.10;2.3.9 ...
sbt-chain-delegate: Checking cache for: dependency: com.typesafe.play#sbt-fork-run-protocol_2.10;2.3.9 {compile=[default(compile)]}
		tried https://repo.typesafe.com/typesafe/ivy-releases/com.typesafe.play/sbt-fork-run-protocol_2.10/2.3.9/ivys/ivy.xml
CLIENT ERROR: Not Found url=https://repo.typesafe.com/typesafe/ivy-releases/com.typesafe.play/sbt-fork-run-protocol_2.10/2.3.9/ivys/ivy.xml
	typesafe-ivy-releases: no ivy file found for com.typesafe.play#sbt-fork-run-protocol_2.10;2.3.9
		tried https://repo.scala-sbt.org/scalasbt/sbt-plugin-releases/com.typesafe.play/sbt-fork-run-protocol_2.10/2.3.9/ivys/ivy.xml
CLIENT ERROR: Not Found url=https://repo.scala-sbt.org/scalasbt/sbt-plugin-releases/com.typesafe.play/sbt-fork-run-protocol_2.10/2.3.9/ivys/ivy.xml
	sbt-plugin-releases: no ivy file found for com.typesafe.play#sbt-fork-run-protocol_2.10;2.3.9
		tried C:\Users\Alysson\.ivy2\local\com.typesafe.play\sbt-fork-run-protocol_2.10\2.3.9\ivys\ivy.xml
	local: no ivy file found for com.typesafe.play#sbt-fork-run-protocol_2.10;2.3.9
		tried C:\doesnotexist\repository\com.typesafe.play\sbt-fork-run-protocol_2.10\2.3.9\ivys\ivy.xml
	activator-launcher-local: no ivy file found for com.typesafe.play#sbt-fork-run-protocol_2.10;2.3.9
		tried C:\Users\Alysson\activator-1.3.2\repository\com.typesafe.play\sbt-fork-run-protocol_2.10\2.3.9\ivys\ivy.xml
	activator-local: no ivy file found for com.typesafe.play#sbt-fork-run-protocol_2.10;2.3.9
		tried https://repo1.maven.org/maven2/com/typesafe/play/sbt-fork-run-protocol_2.10/2.3.9/sbt-fork-run-protocol_2.10-2.3.9.pom
	public: found md file for com.typesafe.play#sbt-fork-run-protocol_2.10;2.3.9
		=> https://repo1.maven.org/maven2/com/typesafe/play/sbt-fork-run-protocol_2.10/2.3.9/sbt-fork-run-protocol_2.10-2.3.9.pom (2.3.9)
downloading https://repo1.maven.org/maven2/com/typesafe/play/sbt-fork-run-protocol_2.10/2.3.9/sbt-fork-run-protocol_2.10-2.3.9.pom ...
	public: downloading https://repo1.maven.org/maven2/com/typesafe/play/sbt-fork-run-protocol_2.10/2.3.9/sbt-fork-run-protocol_2.10-2.3.9.pom
	public: downloading https://repo1.maven.org/maven2/com/typesafe/play/sbt-fork-run-protocol_2.10/2.3.9/sbt-fork-run-protocol_2.10-2.3.9.pom.sha1
sha1 OK for https://repo1.maven.org/maven2/com/typesafe/play/sbt-fork-run-protocol_2.10/2.3.9/sbt-fork-run-protocol_2.10-2.3.9.pom
	[SUCCESSFUL ] com.typesafe.play#sbt-fork-run-protocol_2.10;2.3.9!sbt-fork-run-protocol_2.10.pom(pom.original) (732ms)
		tried https://repo.typesafe.com/typesafe/ivy-releases/com.typesafe.play/sbt-fork-run-protocol_2.10/2.3.9/jars/sbt-fork-run-protocol_2.10.jar
CLIENT ERROR: Not Found url=https://repo.typesafe.com/typesafe/ivy-releases/com.typesafe.play/sbt-fork-run-protocol_2.10/2.3.9/jars/sbt-fork-run-protocol_2.10.jar
		tried https://repo.scala-sbt.org/scalasbt/sbt-plugin-releases/com.typesafe.play/sbt-fork-run-protocol_2.10/2.3.9/jars/sbt-fork-run-protocol_2.10.jar
CLIENT ERROR: Not Found url=https://repo.scala-sbt.org/scalasbt/sbt-plugin-releases/com.typesafe.play/sbt-fork-run-protocol_2.10/2.3.9/jars/sbt-fork-run-protocol_2.10.jar
		tried C:\Users\Alysson\.ivy2\local\com.typesafe.play\sbt-fork-run-protocol_2.10\2.3.9\jars\sbt-fork-run-protocol_2.10.jar
		tried C:\doesnotexist\repository\com.typesafe.play\sbt-fork-run-protocol_2.10\2.3.9\jars\sbt-fork-run-protocol_2.10.jar
		tried C:\Users\Alysson\activator-1.3.2\repository\com.typesafe.play\sbt-fork-run-protocol_2.10\2.3.9\jars\sbt-fork-run-protocol_2.10.jar
		tried https://repo1.maven.org/maven2/com/typesafe/play/sbt-fork-run-protocol_2.10/2.3.9/sbt-fork-run-protocol_2.10-2.3.9.jar
	found com.typesafe.play#sbt-fork-run-protocol_2.10;2.3.9 in public
== resolving dependencies com.typesafe.play#sbt-fork-run-plugin;2.3.9->com.typesafe.play#sbt-fork-run-protocol_2.10;2.3.9 [compile->runtime]
== resolving dependencies com.typesafe.play#sbt-fork-run-plugin;2.3.9->com.typesafe.play#sbt-fork-run-protocol_2.10;2.3.9 [compile->compile]
== resolving dependencies com.typesafe.play#sbt-fork-run-protocol_2.10;2.3.9->org.scala-lang#scala-library;2.10.4 [compile->master(compile)]
Resolving org.scala-lang#scala-library;2.10.4 ...
sbt-chain: Checking cache for: dependency: org.scala-lang#scala-library;2.10.4 {compile=[compile(*), master(compile)], runtime=[runtime(*)]}
sbt-chain: module revision found in cache: org.scala-lang#scala-library;2.10.4
	found org.scala-lang#scala-library;2.10.4 in sbt-chain
	[2.10.4] org.scala-lang#scala-library;2.10.4
== resolving dependencies com.typesafe.play#sbt-fork-run-protocol_2.10;2.3.9->org.scala-lang#scala-library;2.10.4 [compile->compile(*)]
== resolving dependencies com.typesafe.play#sbt-fork-run-protocol_2.10;2.3.9->org.scala-lang#scala-library;2.10.4 [compile->runtime(*)]
== resolving dependencies com.typesafe.play#sbt-fork-run-protocol_2.10;2.3.9->org.scala-lang#scala-library;2.10.4 [compile->compile]
== resolving dependencies com.typesafe.play#sbt-fork-run-protocol_2.10;2.3.9->com.typesafe.play#sbt-run-support_2.10;2.3.9 [compile->master(compile)]
Resolving com.typesafe.play#sbt-run-support_2.10;2.3.9 ...
sbt-chain: Checking cache for: dependency: com.typesafe.play#sbt-run-support_2.10;2.3.9 {compile=[compile(*), master(compile)], runtime=[runtime(*)]}
Resolving com.typesafe.play#sbt-run-support_2.10;2.3.9 ...
sbt-chain-delegate: Checking cache for: dependency: com.typesafe.play#sbt-run-support_2.10;2.3.9 {compile=[compile(*), master(compile)], runtime=[runtime(*)]}
		tried https://repo.typesafe.com/typesafe/ivy-releases/com.typesafe.play/sbt-run-support_2.10/2.3.9/ivys/ivy.xml
CLIENT ERROR: Not Found url=https://repo.typesafe.com/typesafe/ivy-releases/com.typesafe.play/sbt-run-support_2.10/2.3.9/ivys/ivy.xml
	typesafe-ivy-releases: no ivy file found for com.typesafe.play#sbt-run-support_2.10;2.3.9
		tried https://repo.scala-sbt.org/scalasbt/sbt-plugin-releases/com.typesafe.play/sbt-run-support_2.10/2.3.9/ivys/ivy.xml
CLIENT ERROR: Not Found url=https://repo.scala-sbt.org/scalasbt/sbt-plugin-releases/com.typesafe.play/sbt-run-support_2.10/2.3.9/ivys/ivy.xml
	sbt-plugin-releases: no ivy file found for com.typesafe.play#sbt-run-support_2.10;2.3.9
		tried C:\Users\Alysson\.ivy2\local\com.typesafe.play\sbt-run-support_2.10\2.3.9\ivys\ivy.xml
	local: no ivy file found for com.typesafe.play#sbt-run-support_2.10;2.3.9
		tried C:\doesnotexist\repository\com.typesafe.play\sbt-run-support_2.10\2.3.9\ivys\ivy.xml
	activator-launcher-local: no ivy file found for com.typesafe.play#sbt-run-support_2.10;2.3.9
		tried C:\Users\Alysson\activator-1.3.2\repository\com.typesafe.play\sbt-run-support_2.10\2.3.9\ivys\ivy.xml
	activator-local: no ivy file found for com.typesafe.play#sbt-run-support_2.10;2.3.9
		tried https://repo1.maven.org/maven2/com/typesafe/play/sbt-run-support_2.10/2.3.9/sbt-run-support_2.10-2.3.9.pom
	public: found md file for com.typesafe.play#sbt-run-support_2.10;2.3.9
		=> https://repo1.maven.org/maven2/com/typesafe/play/sbt-run-support_2.10/2.3.9/sbt-run-support_2.10-2.3.9.pom (2.3.9)
downloading https://repo1.maven.org/maven2/com/typesafe/play/sbt-run-support_2.10/2.3.9/sbt-run-support_2.10-2.3.9.pom ...
	public: downloading https://repo1.maven.org/maven2/com/typesafe/play/sbt-run-support_2.10/2.3.9/sbt-run-support_2.10-2.3.9.pom
	public: downloading https://repo1.maven.org/maven2/com/typesafe/play/sbt-run-support_2.10/2.3.9/sbt-run-support_2.10-2.3.9.pom.sha1
sha1 OK for https://repo1.maven.org/maven2/com/typesafe/play/sbt-run-support_2.10/2.3.9/sbt-run-support_2.10-2.3.9.pom
	[SUCCESSFUL ] com.typesafe.play#sbt-run-support_2.10;2.3.9!sbt-run-support_2.10.pom(pom.original) (679ms)
		tried https://repo.typesafe.com/typesafe/ivy-releases/com.typesafe.play/sbt-run-support_2.10/2.3.9/jars/sbt-run-support_2.10.jar
CLIENT ERROR: Not Found url=https://repo.typesafe.com/typesafe/ivy-releases/com.typesafe.play/sbt-run-support_2.10/2.3.9/jars/sbt-run-support_2.10.jar
		tried https://repo.scala-sbt.org/scalasbt/sbt-plugin-releases/com.typesafe.play/sbt-run-support_2.10/2.3.9/jars/sbt-run-support_2.10.jar
CLIENT ERROR: Not Found url=https://repo.scala-sbt.org/scalasbt/sbt-plugin-releases/com.typesafe.play/sbt-run-support_2.10/2.3.9/jars/sbt-run-support_2.10.jar
		tried C:\Users\Alysson\.ivy2\local\com.typesafe.play\sbt-run-support_2.10\2.3.9\jars\sbt-run-support_2.10.jar
		tried C:\doesnotexist\repository\com.typesafe.play\sbt-run-support_2.10\2.3.9\jars\sbt-run-support_2.10.jar
		tried C:\Users\Alysson\activator-1.3.2\repository\com.typesafe.play\sbt-run-support_2.10\2.3.9\jars\sbt-run-support_2.10.jar
		tried https://repo1.maven.org/maven2/com/typesafe/play/sbt-run-support_2.10/2.3.9/sbt-run-support_2.10-2.3.9.jar
	found com.typesafe.play#sbt-run-support_2.10;2.3.9 in public
== resolving dependencies com.typesafe.play#sbt-fork-run-protocol_2.10;2.3.9->com.typesafe.play#sbt-run-support_2.10;2.3.9 [compile->compile(*)]
== resolving dependencies com.typesafe.play#sbt-run-support_2.10;2.3.9->org.scala-lang#scala-library;2.10.4 [compile->master(compile)]
== resolving dependencies com.typesafe.play#sbt-run-support_2.10;2.3.9->org.scala-lang#scala-library;2.10.4 [compile->compile(*)]
== resolving dependencies com.typesafe.play#sbt-run-support_2.10;2.3.9->com.typesafe.play#build-link;2.3.9 [compile->master(compile)]
Resolving com.typesafe.play#build-link;2.3.9 ...
sbt-chain: Checking cache for: dependency: com.typesafe.play#build-link;2.3.9 {compile=[compile(*), master(compile)], runtime=[runtime(*)]}
sbt-chain: module revision found in cache: com.typesafe.play#build-link;2.3.9
	found com.typesafe.play#build-link;2.3.9 in sbt-chain
== resolving dependencies com.typesafe.play#sbt-run-support_2.10;2.3.9->com.typesafe.play#build-link;2.3.9 [compile->compile(*)]
== resolving dependencies com.typesafe.play#build-link;2.3.9->com.typesafe.play#play-exceptions;2.3.9 [compile->master(*)]
Resolving com.typesafe.play#play-exceptions;2.3.9 ...
sbt-chain: Checking cache for: dependency: com.typesafe.play#play-exceptions;2.3.9 {compile=[compile(*), master(*)], runtime=[runtime(*)]}
sbt-chain: module revision found in cache: com.typesafe.play#play-exceptions;2.3.9
	found com.typesafe.play#play-exceptions;2.3.9 in sbt-chain
== resolving dependencies com.typesafe.play#build-link;2.3.9->com.typesafe.play#play-exceptions;2.3.9 [compile->compile(*)]
== resolving dependencies com.typesafe.play#build-link;2.3.9->org.javassist#javassist;3.18.2-GA [compile->master(*)]
Resolving org.javassist#javassist;3.18.2-GA ...
sbt-chain: Checking cache for: dependency: org.javassist#javassist;3.18.2-GA {compile=[compile(*), master(*)], runtime=[runtime(*)]}
sbt-chain: module revision found in cache: org.javassist#javassist;3.18.2-GA
	found org.javassist#javassist;3.18.2-GA in sbt-chain
== resolving dependencies com.typesafe.play#build-link;2.3.9->org.javassist#javassist;3.18.2-GA [compile->compile(*)]
== resolving dependencies com.typesafe.play#sbt-fork-run-protocol_2.10;2.3.9->com.typesafe.play#sbt-run-support_2.10;2.3.9 [compile->runtime(*)]
== resolving dependencies com.typesafe.play#sbt-fork-run-protocol_2.10;2.3.9->com.typesafe.play#sbt-run-support_2.10;2.3.9 [compile->compile]
== resolving dependencies com.typesafe.play#sbt-run-support_2.10;2.3.9->org.scala-lang#scala-library;2.10.4 [runtime->runtime(*)]
== resolving dependencies com.typesafe.play#sbt-run-support_2.10;2.3.9->org.scala-lang#scala-library;2.10.4 [runtime->compile]
== resolving dependencies com.typesafe.play#sbt-run-support_2.10;2.3.9->com.typesafe.play#build-link;2.3.9 [runtime->runtime(*)]
== resolving dependencies com.typesafe.play#sbt-run-support_2.10;2.3.9->com.typesafe.play#build-link;2.3.9 [runtime->compile]
== resolving dependencies com.typesafe.play#build-link;2.3.9->com.typesafe.play#play-exceptions;2.3.9 [runtime->runtime(*)]
== resolving dependencies com.typesafe.play#build-link;2.3.9->com.typesafe.play#play-exceptions;2.3.9 [runtime->compile]
== resolving dependencies com.typesafe.play#build-link;2.3.9->org.javassist#javassist;3.18.2-GA [runtime->runtime(*)]
== resolving dependencies com.typesafe.play#build-link;2.3.9->org.javassist#javassist;3.18.2-GA [runtime->compile]
== resolving dependencies com.typesafe.play#sbt-fork-run-protocol_2.10;2.3.9->com.typesafe.sbtrc#client-2-10;0.3.1 [compile->master(compile)]
Resolving com.typesafe.sbtrc#client-2-10;0.3.1 ...
sbt-chain: Checking cache for: dependency: com.typesafe.sbtrc#client-2-10;0.3.1 {compile=[compile(*), master(compile)], runtime=[runtime(*)]}
sbt-chain: module revision found in cache: com.typesafe.sbtrc#client-2-10;0.3.1
	found com.typesafe.sbtrc#client-2-10;0.3.1 in sbt-chain
== resolving dependencies com.typesafe.sbtrc#client-2-10;0.3.1->org.scala-lang#scala-library;2.10.4 [compile->default(compile)]
== resolving dependencies com.typesafe.sbtrc#client-2-10;0.3.1->org.scala-lang#scala-library;2.10.4 [compile->runtime]
== resolving dependencies com.typesafe.sbtrc#client-2-10;0.3.1->org.scala-lang#scala-library;2.10.4 [compile->compile]
== resolving dependencies com.typesafe.sbtrc#client-2-10;0.3.1->org.scala-lang#scala-library;2.10.4 [compile->master]
== resolving dependencies com.typesafe.sbtrc#client-2-10;0.3.1->org.scala-lang#scala-reflect;2.10.4 [compile->default(compile)]
Resolving org.scala-lang#scala-reflect;2.10.4 ...
sbt-chain: Checking cache for: dependency: org.scala-lang#scala-reflect;2.10.4 {compile=[default(compile)]}
sbt-chain: module revision found in cache: org.scala-lang#scala-reflect;2.10.4
	found org.scala-lang#scala-reflect;2.10.4 in sbt-chain
	[2.10.4] org.scala-lang#scala-reflect;2.10.4
== resolving dependencies com.typesafe.sbtrc#client-2-10;0.3.1->org.scala-lang#scala-reflect;2.10.4 [compile->runtime]
== resolving dependencies com.typesafe.sbtrc#client-2-10;0.3.1->org.scala-lang#scala-reflect;2.10.4 [compile->compile]
== resolving dependencies org.scala-lang#scala-reflect;2.10.4->org.scala-lang#scala-library;2.10.4 [compile->master(*)]
== resolving dependencies org.scala-lang#scala-reflect;2.10.4->org.scala-lang#scala-library;2.10.4 [compile->compile(*)]
== resolving dependencies org.scala-lang#scala-reflect;2.10.4->org.scala-lang#scala-library;2.10.4 [runtime->runtime(*)]
== resolving dependencies org.scala-lang#scala-reflect;2.10.4->org.scala-lang#scala-library;2.10.4 [runtime->compile]
== resolving dependencies com.typesafe.sbtrc#client-2-10;0.3.1->org.scala-lang#scala-reflect;2.10.4 [compile->master]
== resolving dependencies com.typesafe.sbtrc#client-2-10;0.3.1->org.scala-sbt#serialization_2.10;0.1.0 [compile->default(compile)]
Resolving org.scala-sbt#serialization_2.10;0.1.0 ...
sbt-chain: Checking cache for: dependency: org.scala-sbt#serialization_2.10;0.1.0 {compile=[default(compile)]}
sbt-chain: module revision found in cache: org.scala-sbt#serialization_2.10;0.1.0
	found org.scala-sbt#serialization_2.10;0.1.0 in sbt-chain
== resolving dependencies org.scala-sbt#serialization_2.10;0.1.0->org.scala-lang#scala-library;2.10.4 [compile->default(compile)]
== resolving dependencies org.scala-sbt#serialization_2.10;0.1.0->org.scala-lang#scala-library;2.10.4 [compile->runtime]
== resolving dependencies org.scala-sbt#serialization_2.10;0.1.0->org.scala-lang#scala-library;2.10.4 [compile->compile]
== resolving dependencies org.scala-sbt#serialization_2.10;0.1.0->org.scala-lang#scala-library;2.10.4 [compile->master]
== resolving dependencies org.scala-sbt#serialization_2.10;0.1.0->org.scala-lang.modules#scala-pickling_2.10;0.10.0 [compile->default(compile)]
Resolving org.scala-lang.modules#scala-pickling_2.10;0.10.0 ...
sbt-chain: Checking cache for: dependency: org.scala-lang.modules#scala-pickling_2.10;0.10.0 {compile=[default(compile)]}
sbt-chain: module revision found in cache: org.scala-lang.modules#scala-pickling_2.10;0.10.0
	found org.scala-lang.modules#scala-pickling_2.10;0.10.0 in sbt-chain
== resolving dependencies org.scala-sbt#serialization_2.10;0.1.0->org.scala-lang.modules#scala-pickling_2.10;0.10.0 [compile->runtime]
== resolving dependencies org.scala-sbt#serialization_2.10;0.1.0->org.scala-lang.modules#scala-pickling_2.10;0.10.0 [compile->compile]
== resolving dependencies org.scala-lang.modules#scala-pickling_2.10;0.10.0->org.scala-lang#scala-compiler;2.10.4 [compile->master(compile)]
Resolving org.scala-lang#scala-compiler;2.10.4 ...
sbt-chain: Checking cache for: dependency: org.scala-lang#scala-compiler;2.10.4 {compile=[compile(*), master(compile)], runtime=[runtime(*)]}
sbt-chain: module revision found in cache: org.scala-lang#scala-compiler;2.10.4
	found org.scala-lang#scala-compiler;2.10.4 in sbt-chain
== resolving dependencies org.scala-lang.modules#scala-pickling_2.10;0.10.0->org.scala-lang#scala-compiler;2.10.4 [compile->compile(*)]
== resolving dependencies org.scala-lang#scala-compiler;2.10.4->org.scala-lang#scala-library;2.10.4 [compile->master(*)]
== resolving dependencies org.scala-lang#scala-compiler;2.10.4->org.scala-lang#scala-library;2.10.4 [compile->compile(*)]
== resolving dependencies org.scala-lang#scala-compiler;2.10.4->org.scala-lang#scala-reflect;2.10.4 [compile->master(*)]
== resolving dependencies org.scala-lang#scala-compiler;2.10.4->org.scala-lang#scala-reflect;2.10.4 [compile->compile(*)]
== resolving dependencies org.scala-lang#scala-compiler;2.10.4->org.scala-lang#scala-reflect;2.10.4 [compile->runtime(*)]
== resolving dependencies org.scala-lang#scala-compiler;2.10.4->org.scala-lang#scala-reflect;2.10.4 [compile->compile]
== resolving dependencies org.scala-lang#scala-compiler;2.10.4->org.scala-lang#scala-reflect;2.10.4 [compile->master(compile)]
== resolving dependencies org.scala-lang.modules#scala-pickling_2.10;0.10.0->org.scala-lang#scala-compiler;2.10.4 [compile->runtime(*)]
== resolving dependencies org.scala-lang.modules#scala-pickling_2.10;0.10.0->org.scala-lang#scala-compiler;2.10.4 [compile->compile]
== resolving dependencies org.scala-lang#scala-compiler;2.10.4->org.scala-lang#scala-library;2.10.4 [runtime->runtime(*)]
== resolving dependencies org.scala-lang#scala-compiler;2.10.4->org.scala-lang#scala-library;2.10.4 [runtime->compile]
== resolving dependencies org.scala-lang#scala-compiler;2.10.4->org.scala-lang#scala-reflect;2.10.4 [runtime->runtime(*)]
== resolving dependencies org.scala-lang#scala-compiler;2.10.4->org.scala-lang#scala-reflect;2.10.4 [runtime->compile]
== resolving dependencies org.scala-lang.modules#scala-pickling_2.10;0.10.0->org.scala-lang#scala-library;2.10.4 [compile->master(compile)]
== resolving dependencies org.scala-lang.modules#scala-pickling_2.10;0.10.0->org.scala-lang#scala-library;2.10.4 [compile->compile(*)]
== resolving dependencies org.scala-lang.modules#scala-pickling_2.10;0.10.0->org.scala-lang#scala-reflect;2.10.4 [compile->master(compile)]
== resolving dependencies org.scala-lang.modules#scala-pickling_2.10;0.10.0->org.scala-lang#scala-reflect;2.10.4 [compile->compile(*)]
== resolving dependencies org.scala-lang.modules#scala-pickling_2.10;0.10.0->org.scalamacros#quasiquotes_2.10;2.0.1 [compile->master(compile)]
Resolving org.scalamacros#quasiquotes_2.10;2.0.1 ...
sbt-chain: Checking cache for: dependency: org.scalamacros#quasiquotes_2.10;2.0.1 {compile=[compile(*), master(compile)], runtime=[runtime(*)]}
sbt-chain: module revision found in cache: org.scalamacros#quasiquotes_2.10;2.0.1
	found org.scalamacros#quasiquotes_2.10;2.0.1 in sbt-chain
== resolving dependencies org.scala-lang.modules#scala-pickling_2.10;0.10.0->org.scalamacros#quasiquotes_2.10;2.0.1 [compile->compile(*)]
== resolving dependencies org.scalamacros#quasiquotes_2.10;2.0.1->org.scala-lang#scala-library;2.10.4 [compile->master(*)]
== resolving dependencies org.scalamacros#quasiquotes_2.10;2.0.1->org.scala-lang#scala-library;2.10.4 [compile->compile(*)]
== resolving dependencies org.scalamacros#quasiquotes_2.10;2.0.1->org.scala-lang#scala-reflect;2.10.4 [compile->master(*)]
== resolving dependencies org.scalamacros#quasiquotes_2.10;2.0.1->org.scala-lang#scala-reflect;2.10.4 [compile->compile(*)]
== resolving dependencies org.scala-lang.modules#scala-pickling_2.10;0.10.0->org.scalamacros#quasiquotes_2.10;2.0.1 [compile->runtime(*)]
== resolving dependencies org.scala-lang.modules#scala-pickling_2.10;0.10.0->org.scalamacros#quasiquotes_2.10;2.0.1 [compile->compile]
== resolving dependencies org.scalamacros#quasiquotes_2.10;2.0.1->org.scala-lang#scala-library;2.10.4 [runtime->runtime(*)]
== resolving dependencies org.scalamacros#quasiquotes_2.10;2.0.1->org.scala-lang#scala-library;2.10.4 [runtime->compile]
== resolving dependencies org.scalamacros#quasiquotes_2.10;2.0.1->org.scala-lang#scala-reflect;2.10.4 [runtime->runtime(*)]
== resolving dependencies org.scalamacros#quasiquotes_2.10;2.0.1->org.scala-lang#scala-reflect;2.10.4 [runtime->compile]
== resolving dependencies org.scala-lang.modules#scala-pickling_2.10;0.10.0->org.scala-lang#scala-compiler;2.10.4 [runtime->runtime(*)]
== resolving dependencies org.scala-lang.modules#scala-pickling_2.10;0.10.0->org.scala-lang#scala-compiler;2.10.4 [runtime->compile]
== resolving dependencies org.scala-lang.modules#scala-pickling_2.10;0.10.0->org.scala-lang#scala-library;2.10.4 [runtime->runtime(*)]
== resolving dependencies org.scala-lang.modules#scala-pickling_2.10;0.10.0->org.scala-lang#scala-library;2.10.4 [runtime->compile]
== resolving dependencies org.scala-lang.modules#scala-pickling_2.10;0.10.0->org.scala-lang#scala-reflect;2.10.4 [runtime->runtime(*)]
== resolving dependencies org.scala-lang.modules#scala-pickling_2.10;0.10.0->org.scala-lang#scala-reflect;2.10.4 [runtime->compile]
== resolving dependencies org.scala-lang.modules#scala-pickling_2.10;0.10.0->org.scalamacros#quasiquotes_2.10;2.0.1 [runtime->runtime(*)]
== resolving dependencies org.scala-lang.modules#scala-pickling_2.10;0.10.0->org.scalamacros#quasiquotes_2.10;2.0.1 [runtime->compile]
== resolving dependencies org.scala-sbt#serialization_2.10;0.1.0->org.scala-lang.modules#scala-pickling_2.10;0.10.0 [compile->master]
== resolving dependencies org.scala-sbt#serialization_2.10;0.1.0->org.json4s#json4s-core_2.10;3.2.10 [compile->default(compile)]
Resolving org.json4s#json4s-core_2.10;3.2.10 ...
sbt-chain: Checking cache for: dependency: org.json4s#json4s-core_2.10;3.2.10 {compile=[default(compile)]}
sbt-chain: module revision found in cache: org.json4s#json4s-core_2.10;3.2.10
	found org.json4s#json4s-core_2.10;3.2.10 in sbt-chain
== resolving dependencies org.scala-sbt#serialization_2.10;0.1.0->org.json4s#json4s-core_2.10;3.2.10 [compile->runtime]
== resolving dependencies org.scala-sbt#serialization_2.10;0.1.0->org.json4s#json4s-core_2.10;3.2.10 [compile->compile]
dependency descriptor has been mediated: dependency: org.scala-lang#scala-library;2.10.0 {compile=[compile(*), master(*)], runtime=[runtime(*)]} => dependency: org.scala-lang#scala-library;2.10.4 {compile=[compile(*), master(*)], runtime=[runtime(*)]}
excluding dependency: org.scala-lang#scalap;2.10.0 {compile=[compile(*), master(*)], runtime=[runtime(*)]} in compile
== resolving dependencies org.json4s#json4s-core_2.10;3.2.10->org.scala-lang#scala-library;2.10.4 [compile->master(*)]
dependency descriptor has been mediated: dependency: org.scala-lang#scala-library;2.10.0 {compile=[compile(*), master(*)], runtime=[runtime(*)]} => dependency: org.scala-lang#scala-library;2.10.4 {compile=[compile(*), master(*)], runtime=[runtime(*)]}
dependency descriptor has been mediated: dependency: org.scala-lang#scala-library;2.10.0 {compile=[compile(*), master(*)], runtime=[runtime(*)]} => dependency: org.scala-lang#scala-library;2.10.4 {compile=[compile(*), master(*)], runtime=[runtime(*)]}
excluding dependency: org.scala-lang#scalap;2.10.0 {compile=[compile(*), master(*)], runtime=[runtime(*)]} in compile
dependency descriptor has been mediated: dependency: org.scala-lang#scala-library;2.10.0 {compile=[compile(*), master(*)], runtime=[runtime(*)]} => dependency: org.scala-lang#scala-library;2.10.4 {compile=[compile(*), master(*)], runtime=[runtime(*)]}
excluding dependency: org.scala-lang#scalap;2.10.0 {compile=[compile(*), master(*)], runtime=[runtime(*)]} in runtime
dependency descriptor has been mediated: dependency: org.scala-lang#scala-library;2.10.0 {compile=[compile(*), master(*)], runtime=[runtime(*)]} => dependency: org.scala-lang#scala-library;2.10.4 {compile=[compile(*), master(*)], runtime=[runtime(*)]}
dependency descriptor has been mediated: dependency: org.scala-lang#scala-library;2.10.0 {compile=[compile(*), master(*)], runtime=[runtime(*)]} => dependency: org.scala-lang#scala-library;2.10.4 {compile=[compile(*), master(*)], runtime=[runtime(*)]}
== resolving dependencies org.json4s#json4s-core_2.10;3.2.10->org.scala-lang#scala-library;2.10.4 [compile->compile(*)]
== resolving dependencies org.json4s#json4s-core_2.10;3.2.10->org.json4s#json4s-ast_2.10;3.2.10 [compile->master(*)]
dependency descriptor has been mediated: dependency: org.scala-lang#scala-library;2.10.0 {compile=[compile(*), master(*)], runtime=[runtime(*)]} => dependency: org.scala-lang#scala-library;2.10.4 {compile=[compile(*), master(*)], runtime=[runtime(*)]}
dependency descriptor has been mediated: dependency: org.scala-lang#scala-library;2.10.0 {compile=[compile(*), master(*)], runtime=[runtime(*)]} => dependency: org.scala-lang#scala-library;2.10.4 {compile=[compile(*), master(*)], runtime=[runtime(*)]}
excluding dependency: org.scala-lang#scalap;2.10.0 {compile=[compile(*), master(*)], runtime=[runtime(*)]} in compile
dependency descriptor has been mediated: dependency: org.scala-lang#scala-library;2.10.0 {compile=[compile(*), master(*)], runtime=[runtime(*)]} => dependency: org.scala-lang#scala-library;2.10.4 {compile=[compile(*), master(*)], runtime=[runtime(*)]}
excluding dependency: org.scala-lang#scalap;2.10.0 {compile=[compile(*), master(*)], runtime=[runtime(*)]} in runtime
dependency descriptor has been mediated: dependency: org.scala-lang#scala-library;2.10.0 {compile=[compile(*), master(*)], runtime=[runtime(*)]} => dependency: org.scala-lang#scala-library;2.10.4 {compile=[compile(*), master(*)], runtime=[runtime(*)]}
dependency descriptor has been mediated: dependency: org.scala-lang#scala-library;2.10.0 {compile=[compile(*), master(*)], runtime=[runtime(*)]} => dependency: org.scala-lang#scala-library;2.10.4 {compile=[compile(*), master(*)], runtime=[runtime(*)]}
Resolving org.json4s#json4s-ast_2.10;3.2.10 ...
sbt-chain: Checking cache for: dependency: org.json4s#json4s-ast_2.10;3.2.10 {compile=[compile(*), master(*)], runtime=[runtime(*)]}
sbt-chain: module revision found in cache: org.json4s#json4s-ast_2.10;3.2.10
	found org.json4s#json4s-ast_2.10;3.2.10 in sbt-chain
dependency descriptor has been mediated: dependency: org.scala-lang#scala-library;2.10.0 {compile=[compile(*), master(*)], runtime=[runtime(*)]} => dependency: org.scala-lang#scala-library;2.10.4 {compile=[compile(*), master(*)], runtime=[runtime(*)]}
== resolving dependencies org.json4s#json4s-core_2.10;3.2.10->org.json4s#json4s-ast_2.10;3.2.10 [compile->compile(*)]
dependency descriptor has been mediated: dependency: org.scala-lang#scala-library;2.10.0 {compile=[compile(*), master(*)], runtime=[runtime(*)]} => dependency: org.scala-lang#scala-library;2.10.4 {compile=[compile(*), master(*)], runtime=[runtime(*)]}
== resolving dependencies org.json4s#json4s-ast_2.10;3.2.10->org.scala-lang#scala-library;2.10.4 [compile->master(*)]
dependency descriptor has been mediated: dependency: org.scala-lang#scala-library;2.10.0 {compile=[compile(*), master(*)], runtime=[runtime(*)]} => dependency: org.scala-lang#scala-library;2.10.4 {compile=[compile(*), master(*)], runtime=[runtime(*)]}
dependency descriptor has been mediated: dependency: org.scala-lang#scala-library;2.10.0 {compile=[compile(*), master(*)], runtime=[runtime(*)]} => dependency: org.scala-lang#scala-library;2.10.4 {compile=[compile(*), master(*)], runtime=[runtime(*)]}
dependency descriptor has been mediated: dependency: org.scala-lang#scala-library;2.10.0 {compile=[compile(*), master(*)], runtime=[runtime(*)]} => dependency: org.scala-lang#scala-library;2.10.4 {compile=[compile(*), master(*)], runtime=[runtime(*)]}
dependency descriptor has been mediated: dependency: org.scala-lang#scala-library;2.10.0 {compile=[compile(*), master(*)], runtime=[runtime(*)]} => dependency: org.scala-lang#scala-library;2.10.4 {compile=[compile(*), master(*)], runtime=[runtime(*)]}
dependency descriptor has been mediated: dependency: org.scala-lang#scala-library;2.10.0 {compile=[compile(*), master(*)], runtime=[runtime(*)]} => dependency: org.scala-lang#scala-library;2.10.4 {compile=[compile(*), master(*)], runtime=[runtime(*)]}
== resolving dependencies org.json4s#json4s-ast_2.10;3.2.10->org.scala-lang#scala-library;2.10.4 [compile->compile(*)]
== resolving dependencies org.json4s#json4s-core_2.10;3.2.10->org.json4s#json4s-ast_2.10;3.2.10 [compile->runtime(*)]
== resolving dependencies org.json4s#json4s-core_2.10;3.2.10->org.json4s#json4s-ast_2.10;3.2.10 [compile->compile]
dependency descriptor has been mediated: dependency: org.scala-lang#scala-library;2.10.0 {compile=[compile(*), master(*)], runtime=[runtime(*)]} => dependency: org.scala-lang#scala-library;2.10.4 {compile=[compile(*), master(*)], runtime=[runtime(*)]}
== resolving dependencies org.json4s#json4s-ast_2.10;3.2.10->org.scala-lang#scala-library;2.10.4 [runtime->runtime(*)]
== resolving dependencies org.json4s#json4s-ast_2.10;3.2.10->org.scala-lang#scala-library;2.10.4 [runtime->compile]
== resolving dependencies org.json4s#json4s-core_2.10;3.2.10->com.thoughtworks.paranamer#paranamer;2.6 [compile->master(*)]
dependency descriptor has been mediated: dependency: org.scala-lang#scala-library;2.10.0 {compile=[compile(*), master(*)], runtime=[runtime(*)]} => dependency: org.scala-lang#scala-library;2.10.4 {compile=[compile(*), master(*)], runtime=[runtime(*)]}
dependency descriptor has been mediated: dependency: org.scala-lang#scala-library;2.10.0 {compile=[compile(*), master(*)], runtime=[runtime(*)]} => dependency: org.scala-lang#scala-library;2.10.4 {compile=[compile(*), master(*)], runtime=[runtime(*)]}
excluding dependency: org.scala-lang#scalap;2.10.0 {compile=[compile(*), master(*)], runtime=[runtime(*)]} in compile
dependency descriptor has been mediated: dependency: org.scala-lang#scala-library;2.10.0 {compile=[compile(*), master(*)], runtime=[runtime(*)]} => dependency: org.scala-lang#scala-library;2.10.4 {compile=[compile(*), master(*)], runtime=[runtime(*)]}
excluding dependency: org.scala-lang#scalap;2